bash: source: No such file or directory
THREADS = 8
GENOME_FILE = hg38
INDEX_PREFIX = hg38_GQ994935
OUTPUT_DIR = /home/xiang/New_disk1/PROseq_PEL
BOWTIE2_DIR = /usr/bin/bowtie2
ALIGNED_DIR = /home/xiang/New_disk1/PROseq_PEL/aligned
PAIREND = No
TRIMMED_DIR = 
FASTQ_FILE1 = /home/xiang/New_disk1/PROseq_PEL/OG/8199-XY-1.trimmed.CGATGT.fastq.gz
sample fastq file: /home/xiang/New_disk1/PROseq_PEL/OG/8199-XY-1.trimmed.CGATGT.fastq.gz
1677348 reads; of these:
  1677348 (100.00%) were unpaired; of these:
    463120 (27.61%) aligned 0 times
    1214228 (72.39%) aligned exactly 1 time
    0 (0.00%) aligned >1 times
72.39% overall alignment rate
[E::hts_idx_push] Chromosome blocks not continuous
[E::sam_index] Read 'A01177:60:H2MKVDRX2:1:2101:1570:1110' with ref_name='chr21', ref_length=46709983, flags=16, pos=8254241 cannot be indexed
samtools index: failed to create index for "/home/xiang/New_disk1/PROseq_PEL/aligned/8199-XY-1.trimmed.CGATGT.bam"
[bam_sort_core] merging from 0 files and 30 in-memory blocks...
[E::hts_open_format] Failed to open file "@" : No such file or directory
samtools index: failed to open "@": No such file or directory
THREADS = 8
GENOME_FILE = hg38
INDEX_PREFIX = hg38_GQ994935
OUTPUT_DIR = /home/xiang/New_disk1/PROseq_PEL
BOWTIE2_DIR = /usr/bin/bowtie2
ALIGNED_DIR = /home/xiang/New_disk1/PROseq_PEL/aligned
PAIREND = No
TRIMMED_DIR = 
FASTQ_FILE1 = /home/xiang/New_disk1/PROseq_PEL/OG/8199-XY-2.trimmed.TGACCA.fastq.gz
sample fastq file: /home/xiang/New_disk1/PROseq_PEL/OG/8199-XY-2.trimmed.TGACCA.fastq.gz
1047997 reads; of these:
  1047997 (100.00%) were unpaired; of these:
    294799 (28.13%) aligned 0 times
    753198 (71.87%) aligned exactly 1 time
    0 (0.00%) aligned >1 times
71.87% overall alignment rate
[E::hts_idx_push] Chromosome blocks not continuous
[E::sam_index] Read 'A01177:60:H2MKVDRX2:1:2101:22968:1094' with ref_name='chr1', ref_length=248956422, flags=16, pos=45895362 cannot be indexed
samtools index: failed to create index for "/home/xiang/New_disk1/PROseq_PEL/aligned/8199-XY-2.trimmed.TGACCA.bam"
[bam_sort_core] merging from 0 files and 30 in-memory blocks...
[E::hts_open_format] Failed to open file "@" : No such file or directory
samtools index: failed to open "@": No such file or directory
THREADS = 8
GENOME_FILE = hg38
INDEX_PREFIX = hg38_GQ994935
OUTPUT_DIR = /home/xiang/New_disk1/PROseq_PEL
BOWTIE2_DIR = /usr/bin/bowtie2
ALIGNED_DIR = /home/xiang/New_disk1/PROseq_PEL/aligned
PAIREND = No
TRIMMED_DIR = 
FASTQ_FILE1 = /home/xiang/New_disk1/PROseq_PEL/OG/8199-XY-3.trimmed.CACTGT.fastq.gz
sample fastq file: /home/xiang/New_disk1/PROseq_PEL/OG/8199-XY-3.trimmed.CACTGT.fastq.gz
2407245 reads; of these:
  2407245 (100.00%) were unpaired; of these:
    719319 (29.88%) aligned 0 times
    1687926 (70.12%) aligned exactly 1 time
    0 (0.00%) aligned >1 times
70.12% overall alignment rate
[E::hts_idx_push] Chromosome blocks not continuous
[E::sam_index] Read 'A01177:60:H2MKVDRX2:1:2101:5059:1110' with ref_name='GL000220.1', ref_length=161802, flags=16, pos=156123 cannot be indexed
samtools index: failed to create index for "/home/xiang/New_disk1/PROseq_PEL/aligned/8199-XY-3.trimmed.CACTGT.bam"
[bam_sort_core] merging from 0 files and 30 in-memory blocks...
[E::hts_open_format] Failed to open file "@" : No such file or directory
samtools index: failed to open "@": No such file or directory
THREADS = 8
GENOME_FILE = hg38
INDEX_PREFIX = hg38_GQ994935
OUTPUT_DIR = /home/xiang/New_disk1/PROseq_PEL
BOWTIE2_DIR = /usr/bin/bowtie2
ALIGNED_DIR = /home/xiang/New_disk1/PROseq_PEL/aligned
PAIREND = No
TRIMMED_DIR = 
FASTQ_FILE1 = /home/xiang/New_disk1/PROseq_PEL/OG/8199-XY-4.trimmed.ATTGGC.fastq.gz
sample fastq file: /home/xiang/New_disk1/PROseq_PEL/OG/8199-XY-4.trimmed.ATTGGC.fastq.gz
407045 reads; of these:
  407045 (100.00%) were unpaired; of these:
    175197 (43.04%) aligned 0 times
    231848 (56.96%) aligned exactly 1 time
    0 (0.00%) aligned >1 times
56.96% overall alignment rate
[E::hts_idx_push] Chromosome blocks not continuous
[E::sam_index] Read 'A01177:60:H2MKVDRX2:1:2101:9968:2409' with ref_name='chr21', ref_length=46709983, flags=16, pos=8210076 cannot be indexed
samtools index: failed to create index for "/home/xiang/New_disk1/PROseq_PEL/aligned/8199-XY-4.trimmed.ATTGGC.bam"
[bam_sort_core] merging from 0 files and 30 in-memory blocks...
[E::hts_open_format] Failed to open file "@" : No such file or directory
samtools index: failed to open "@": No such file or directory
THREADS = 8
GENOME_FILE = hg38
INDEX_PREFIX = hg38_GQ994935
OUTPUT_DIR = /home/xiang/New_disk1/PROseq_PEL
BOWTIE2_DIR = /usr/bin/bowtie2
ALIGNED_DIR = /home/xiang/New_disk1/PROseq_PEL/aligned
PAIREND = No
TRIMMED_DIR = 
FASTQ_FILE1 = /home/xiang/New_disk1/PROseq_PEL/OG/8199-XY-5.trimmed.CAGATC.fastq.gz
sample fastq file: /home/xiang/New_disk1/PROseq_PEL/OG/8199-XY-5.trimmed.CAGATC.fastq.gz
2029085 reads; of these:
  2029085 (100.00%) were unpaired; of these:
    584899 (28.83%) aligned 0 times
    1444186 (71.17%) aligned exactly 1 time
    0 (0.00%) aligned >1 times
71.17% overall alignment rate
[E::hts_idx_push] Chromosome blocks not continuous
[E::sam_index] Read 'A01177:60:H2MKVDRX2:1:2101:3920:1141' with ref_name='chr4', ref_length=190214555, flags=0, pos=89241388 cannot be indexed
samtools index: failed to create index for "/home/xiang/New_disk1/PROseq_PEL/aligned/8199-XY-5.trimmed.CAGATC.bam"
[bam_sort_core] merging from 0 files and 30 in-memory blocks...
[E::hts_open_format] Failed to open file "@" : No such file or directory
samtools index: failed to open "@": No such file or directory
THREADS = 8
GENOME_FILE = hg38
INDEX_PREFIX = hg38_GQ994935
OUTPUT_DIR = /home/xiang/New_disk1/PROseq_PEL
BOWTIE2_DIR = /usr/bin/bowtie2
ALIGNED_DIR = /home/xiang/New_disk1/PROseq_PEL/aligned
PAIREND = No
TRIMMED_DIR = 
FASTQ_FILE1 = /home/xiang/New_disk1/PROseq_PEL/OG/8199-XY-6.trimmed.TACAAG.fastq.gz
sample fastq file: /home/xiang/New_disk1/PROseq_PEL/OG/8199-XY-6.trimmed.TACAAG.fastq.gz
1282758 reads; of these:
  1282758 (100.00%) were unpaired; of these:
    369124 (28.78%) aligned 0 times
    913634 (71.22%) aligned exactly 1 time
    0 (0.00%) aligned >1 times
71.22% overall alignment rate
[E::hts_idx_push] Chromosome blocks not continuous
[E::sam_index] Read 'A01177:60:H2MKVDRX2:2:2105:16731:1000' with ref_name='chr20', ref_length=64444167, flags=16, pos=58681795 cannot be indexed
samtools index: failed to create index for "/home/xiang/New_disk1/PROseq_PEL/aligned/8199-XY-6.trimmed.TACAAG.bam"
[bam_sort_core] merging from 0 files and 30 in-memory blocks...
[E::hts_open_format] Failed to open file "@" : No such file or directory
samtools index: failed to open "@": No such file or directory
THREADS = 8
GENOME_FILE = hg38
INDEX_PREFIX = hg38_GQ994935
OUTPUT_DIR = /home/xiang/New_disk1/PROseq_PEL
BOWTIE2_DIR = /usr/bin/bowtie2
ALIGNED_DIR = /home/xiang/New_disk1/PROseq_PEL/aligned
PAIREND = No
TRIMMED_DIR = 
FASTQ_FILE1 = /home/xiang/New_disk1/PROseq_PEL/OG/8199-XY-7.trimmed.CCGTCC.fastq.gz
sample fastq file: /home/xiang/New_disk1/PROseq_PEL/OG/8199-XY-7.trimmed.CCGTCC.fastq.gz
2340211 reads; of these:
  2340211 (100.00%) were unpaired; of these:
    688544 (29.42%) aligned 0 times
    1651667 (70.58%) aligned exactly 1 time
    0 (0.00%) aligned >1 times
70.58% overall alignment rate
[E::hts_idx_push] Chromosome blocks not continuous
[E::sam_index] Read 'A01177:60:H2MKVDRX2:2:2105:10872:1063' with ref_name='chr2', ref_length=242193529, flags=0, pos=193067046 cannot be indexed
samtools index: failed to create index for "/home/xiang/New_disk1/PROseq_PEL/aligned/8199-XY-7.trimmed.CCGTCC.bam"
[bam_sort_core] merging from 0 files and 30 in-memory blocks...
[E::hts_open_format] Failed to open file "@" : No such file or directory
samtools index: failed to open "@": No such file or directory
THREADS = 8
GENOME_FILE = hg38
INDEX_PREFIX = hg38_GQ994935
OUTPUT_DIR = /home/xiang/New_disk1/PROseq_PEL
BOWTIE2_DIR = /usr/bin/bowtie2
ALIGNED_DIR = /home/xiang/New_disk1/PROseq_PEL/aligned
PAIREND = No
TRIMMED_DIR = 
FASTQ_FILE1 = /home/xiang/New_disk1/PROseq_PEL/OG/8199-XY-8.trimmed.TTTCAC.fastq.gz
sample fastq file: /home/xiang/New_disk1/PROseq_PEL/OG/8199-XY-8.trimmed.TTTCAC.fastq.gz
1790625 reads; of these:
  1790625 (100.00%) were unpaired; of these:
    505933 (28.25%) aligned 0 times
    1284692 (71.75%) aligned exactly 1 time
    0 (0.00%) aligned >1 times
71.75% overall alignment rate
[E::hts_idx_push] Chromosome blocks not continuous
[E::sam_index] Read 'A01177:60:H2MKVDRX2:2:2105:26069:1016' with ref_name='chr2', ref_length=242193529, flags=0, pos=156401191 cannot be indexed
samtools index: failed to create index for "/home/xiang/New_disk1/PROseq_PEL/aligned/8199-XY-8.trimmed.TTTCAC.bam"
[bam_sort_core] merging from 0 files and 30 in-memory blocks...
[E::hts_open_format] Failed to open file "@" : No such file or directory
samtools index: failed to open "@": No such file or directory
THREADS = 8
GENOME_FILE = hg38
INDEX_PREFIX = hg38_GQ994935
OUTPUT_DIR = /home/xiang/New_disk1/PROseq_PEL
BOWTIE2_DIR = /usr/bin/bowtie2
ALIGNED_DIR = /home/xiang/New_disk1/PROseq_PEL/aligned
PAIREND = No
TRIMMED_DIR = 
FASTQ_FILE1 = /home/xiang/New_disk1/PROseq_PEL/OG/8199-XY-9.trimmed.CGATGT.fastq.gz
sample fastq file: /home/xiang/New_disk1/PROseq_PEL/OG/8199-XY-9.trimmed.CGATGT.fastq.gz
2126531 reads; of these:
  2126531 (100.00%) were unpaired; of these:
    600973 (28.26%) aligned 0 times
    1525558 (71.74%) aligned exactly 1 time
    0 (0.00%) aligned >1 times
71.74% overall alignment rate
[E::hts_idx_push] Chromosome blocks not continuous
[E::sam_index] Read 'A01177:60:H2MKVDRX2:2:2105:11379:1063' with ref_name='chr11', ref_length=135086622, flags=0, pos=860170 cannot be indexed
samtools index: failed to create index for "/home/xiang/New_disk1/PROseq_PEL/aligned/8199-XY-9.trimmed.CGATGT.bam"
[bam_sort_core] merging from 0 files and 30 in-memory blocks...
[E::hts_open_format] Failed to open file "@" : No such file or directory
samtools index: failed to open "@": No such file or directory
THREADS = 8
GENOME_FILE = hg38
INDEX_PREFIX = hg38_GQ994935
OUTPUT_DIR = /home/xiang/New_disk1/PROseq_PEL
BOWTIE2_DIR = /usr/bin/bowtie2
ALIGNED_DIR = /home/xiang/New_disk1/PROseq_PEL/aligned
PAIREND = No
TRIMMED_DIR = 
FASTQ_FILE1 = /home/xiang/New_disk1/PROseq_PEL/OG/7667-XY-1.trimmed.fastq.gz
sample fastq file: /home/xiang/New_disk1/PROseq_PEL/OG/7667-XY-1.trimmed.fastq.gz
14022636 reads; of these:
  14022636 (100.00%) were unpaired; of these:
    3768116 (26.87%) aligned 0 times
    10254520 (73.13%) aligned exactly 1 time
    0 (0.00%) aligned >1 times
73.13% overall alignment rate
[E::hts_idx_push] Chromosome blocks not continuous
[E::sam_index] Read 'NB501087:853:H7N3MBGXK:1:11101:10781:1066' with ref_name='chr17', ref_length=83257441, flags=0, pos=58321674 cannot be indexed
samtools index: failed to create index for "/home/xiang/New_disk1/PROseq_PEL/aligned/7667-XY-1.trimmed.bam"
[bam_sort_core] merging from 0 files and 30 in-memory blocks...
[E::hts_open_format] Failed to open file "@" : No such file or directory
samtools index: failed to open "@": No such file or directory
THREADS = 8
GENOME_FILE = hg38
INDEX_PREFIX = hg38_GQ994935
OUTPUT_DIR = /home/xiang/New_disk1/PROseq_PEL
BOWTIE2_DIR = /usr/bin/bowtie2
ALIGNED_DIR = /home/xiang/New_disk1/PROseq_PEL/aligned
PAIREND = No
TRIMMED_DIR = 
FASTQ_FILE1 = /home/xiang/New_disk1/PROseq_PEL/OG/7667-XY-2.trimmed.fastq.gz
sample fastq file: /home/xiang/New_disk1/PROseq_PEL/OG/7667-XY-2.trimmed.fastq.gz
12684297 reads; of these:
  12684297 (100.00%) were unpaired; of these:
    3496837 (27.57%) aligned 0 times
    9187460 (72.43%) aligned exactly 1 time
    0 (0.00%) aligned >1 times
72.43% overall alignment rate
[E::hts_idx_push] Chromosome blocks not continuous
[E::sam_index] Read 'NB501087:853:H7N3MBGXK:1:11101:26149:1085' with ref_name='chr2', ref_length=242193529, flags=0, pos=132255668 cannot be indexed
samtools index: failed to create index for "/home/xiang/New_disk1/PROseq_PEL/aligned/7667-XY-2.trimmed.bam"
[bam_sort_core] merging from 0 files and 30 in-memory blocks...
[E::hts_open_format] Failed to open file "@" : No such file or directory
samtools index: failed to open "@": No such file or directory
THREADS = 8
GENOME_FILE = hg38
INDEX_PREFIX = hg38_GQ994935
OUTPUT_DIR = /home/xiang/New_disk1/PROseq_PEL
BOWTIE2_DIR = /usr/bin/bowtie2
ALIGNED_DIR = /home/xiang/New_disk1/PROseq_PEL/aligned
PAIREND = No
TRIMMED_DIR = 
FASTQ_FILE1 = /home/xiang/New_disk1/PROseq_PEL/OG/7667-XY-3.trimmed.fastq.gz
sample fastq file: /home/xiang/New_disk1/PROseq_PEL/OG/7667-XY-3.trimmed.fastq.gz
17101797 reads; of these:
  17101797 (100.00%) were unpaired; of these:
    6416369 (37.52%) aligned 0 times
    10685428 (62.48%) aligned exactly 1 time
    0 (0.00%) aligned >1 times
62.48% overall alignment rate
[E::hts_idx_push] Chromosome blocks not continuous
[E::sam_index] Read 'NB501087:853:H7N3MBGXK:1:11101:1779:1065' with ref_name='chr11', ref_length=135086622, flags=0, pos=85081667 cannot be indexed
samtools index: failed to create index for "/home/xiang/New_disk1/PROseq_PEL/aligned/7667-XY-3.trimmed.bam"
[bam_sort_core] merging from 0 files and 30 in-memory blocks...
[E::hts_open_format] Failed to open file "@" : No such file or directory
samtools index: failed to open "@": No such file or directory
THREADS = 8
GENOME_FILE = hg38
INDEX_PREFIX = hg38_GQ994935
OUTPUT_DIR = /home/xiang/New_disk1/PROseq_PEL
BOWTIE2_DIR = /usr/bin/bowtie2
ALIGNED_DIR = /home/xiang/New_disk1/PROseq_PEL/aligned
PAIREND = No
TRIMMED_DIR = 
FASTQ_FILE1 = /home/xiang/New_disk1/PROseq_PEL/OG/7667-XY-4.trimmed.fastq.gz
sample fastq file: /home/xiang/New_disk1/PROseq_PEL/OG/7667-XY-4.trimmed.fastq.gz
21077355 reads; of these:
  21077355 (100.00%) were unpaired; of these:
    5360020 (25.43%) aligned 0 times
    15717335 (74.57%) aligned exactly 1 time
    0 (0.00%) aligned >1 times
74.57% overall alignment rate
[E::hts_idx_push] Chromosome blocks not continuous
[E::sam_index] Read 'NB501087:853:H7N3MBGXK:1:11101:3853:1071' with ref_name='chr5', ref_length=181538259, flags=16, pos=129741518 cannot be indexed
samtools index: failed to create index for "/home/xiang/New_disk1/PROseq_PEL/aligned/7667-XY-4.trimmed.bam"
[bam_sort_core] merging from 0 files and 30 in-memory blocks...
[E::hts_open_format] Failed to open file "@" : No such file or directory
samtools index: failed to open "@": No such file or directory
THREADS = 8
GENOME_FILE = hg38
INDEX_PREFIX = hg38_GQ994935
OUTPUT_DIR = /home/xiang/New_disk1/PROseq_PEL
BOWTIE2_DIR = /usr/bin/bowtie2
ALIGNED_DIR = /home/xiang/New_disk1/PROseq_PEL/aligned
PAIREND = No
TRIMMED_DIR = 
FASTQ_FILE1 = /home/xiang/New_disk1/PROseq_PEL/OG/7667-XY-5.trimmed.fastq.gz
sample fastq file: /home/xiang/New_disk1/PROseq_PEL/OG/7667-XY-5.trimmed.fastq.gz
13737471 reads; of these:
  13737471 (100.00%) were unpaired; of these:
    2216319 (16.13%) aligned 0 times
    11521152 (83.87%) aligned exactly 1 time
    0 (0.00%) aligned >1 times
83.87% overall alignment rate
[E::hts_idx_push] Chromosome blocks not continuous
[E::sam_index] Read 'NB501087:853:H7N3MBGXK:1:11101:26676:1072' with ref_name='chr9', ref_length=138394717, flags=16, pos=68304857 cannot be indexed
samtools index: failed to create index for "/home/xiang/New_disk1/PROseq_PEL/aligned/7667-XY-5.trimmed.bam"
[bam_sort_core] merging from 0 files and 30 in-memory blocks...
[E::hts_open_format] Failed to open file "@" : No such file or directory
samtools index: failed to open "@": No such file or directory
THREADS = 8
GENOME_FILE = hg38
INDEX_PREFIX = hg38_GQ994935
OUTPUT_DIR = /home/xiang/New_disk1/PROseq_PEL
BOWTIE2_DIR = /usr/bin/bowtie2
ALIGNED_DIR = /home/xiang/New_disk1/PROseq_PEL/aligned
PAIREND = No
TRIMMED_DIR = 
FASTQ_FILE1 = /home/xiang/New_disk1/PROseq_PEL/OG/7667-XY-6.trimmed.fastq.gz
sample fastq file: /home/xiang/New_disk1/PROseq_PEL/OG/7667-XY-6.trimmed.fastq.gz
15134150 reads; of these:
  15134150 (100.00%) were unpaired; of these:
    3388720 (22.39%) aligned 0 times
    11745430 (77.61%) aligned exactly 1 time
    0 (0.00%) aligned >1 times
77.61% overall alignment rate
[E::hts_idx_push] Chromosome blocks not continuous
[E::sam_index] Read 'NB501087:854:HFWLHBGXL:1:11101:3845:1084' with ref_name='chr1', ref_length=248956422, flags=16, pos=200671973 cannot be indexed
samtools index: failed to create index for "/home/xiang/New_disk1/PROseq_PEL/aligned/7667-XY-6.trimmed.bam"
[bam_sort_core] merging from 0 files and 30 in-memory blocks...
[E::hts_open_format] Failed to open file "@" : No such file or directory
samtools index: failed to open "@": No such file or directory
THREADS = 8
GENOME_FILE = hg38
INDEX_PREFIX = hg38_GQ994935
OUTPUT_DIR = /home/xiang/New_disk1/PROseq_PEL
BOWTIE2_DIR = /usr/bin/bowtie2
ALIGNED_DIR = /home/xiang/New_disk1/PROseq_PEL/aligned
PAIREND = No
TRIMMED_DIR = 
FASTQ_FILE1 = /home/xiang/New_disk1/PROseq_PEL/OG/7667-XY-7.trimmed.fastq.gz
sample fastq file: /home/xiang/New_disk1/PROseq_PEL/OG/7667-XY-7.trimmed.fastq.gz
15780924 reads; of these:
  15780924 (100.00%) were unpaired; of these:
    5124905 (32.48%) aligned 0 times
    10656019 (67.52%) aligned exactly 1 time
    0 (0.00%) aligned >1 times
67.52% overall alignment rate
[E::hts_idx_push] Unsorted positions on sequence #6: 87583976 followed by 4428051
[E::sam_index] Read 'NB501087:854:HFWLHBGXL:1:11101:18268:1053' with ref_name='chr6', ref_length=170805979, flags=16, pos=4428051 cannot be indexed
samtools index: failed to create index for "/home/xiang/New_disk1/PROseq_PEL/aligned/7667-XY-7.trimmed.bam"
[bam_sort_core] merging from 0 files and 30 in-memory blocks...
[E::hts_open_format] Failed to open file "@" : No such file or directory
samtools index: failed to open "@": No such file or directory
THREADS = 8
GENOME_FILE = hg38
INDEX_PREFIX = hg38_GQ994935
OUTPUT_DIR = /home/xiang/New_disk1/PROseq_PEL
BOWTIE2_DIR = /usr/bin/bowtie2
ALIGNED_DIR = /home/xiang/New_disk1/PROseq_PEL/aligned
PAIREND = No
TRIMMED_DIR = 
FASTQ_FILE1 = /home/xiang/New_disk1/PROseq_PEL/OG/7667-XY-8.trimmed.fastq.gz
sample fastq file: /home/xiang/New_disk1/PROseq_PEL/OG/7667-XY-8.trimmed.fastq.gz
7925081 reads; of these:
  7925081 (100.00%) were unpaired; of these:
    2325725 (29.35%) aligned 0 times
    5599356 (70.65%) aligned exactly 1 time
    0 (0.00%) aligned >1 times
70.65% overall alignment rate
[E::hts_idx_push] Unsorted positions on sequence #7: 117734921 followed by 77122546
[E::sam_index] Read 'NB501087:854:HFWLHBGXL:1:11101:23286:1053' with ref_name='chr7', ref_length=159345973, flags=16, pos=77122546 cannot be indexed
samtools index: failed to create index for "/home/xiang/New_disk1/PROseq_PEL/aligned/7667-XY-8.trimmed.bam"
[bam_sort_core] merging from 0 files and 30 in-memory blocks...
[E::hts_open_format] Failed to open file "@" : No such file or directory
samtools index: failed to open "@": No such file or directory
THREADS = 8
GENOME_FILE = hg38
INDEX_PREFIX = hg38_GQ994935
OUTPUT_DIR = /home/xiang/New_disk1/PROseq_PEL
BOWTIE2_DIR = /usr/bin/bowtie2
ALIGNED_DIR = /home/xiang/New_disk1/PROseq_PEL/aligned
PAIREND = No
TRIMMED_DIR = 
FASTQ_FILE1 = /home/xiang/New_disk1/PROseq_PEL/OG/7667-XY-9.trimmed.fastq.gz
sample fastq file: /home/xiang/New_disk1/PROseq_PEL/OG/7667-XY-9.trimmed.fastq.gz
13720761 reads; of these:
  13720761 (100.00%) were unpaired; of these:
    4370331 (31.85%) aligned 0 times
    9350430 (68.15%) aligned exactly 1 time
    0 (0.00%) aligned >1 times
68.15% overall alignment rate
[E::hts_idx_push] Unsorted positions on sequence #5: 115896832 followed by 66045338
[E::sam_index] Read 'NB501087:854:HFWLHBGXL:1:11101:14161:1062' with ref_name='chr5', ref_length=181538259, flags=0, pos=66045338 cannot be indexed
samtools index: failed to create index for "/home/xiang/New_disk1/PROseq_PEL/aligned/7667-XY-9.trimmed.bam"
[bam_sort_core] merging from 0 files and 30 in-memory blocks...
[E::hts_open_format] Failed to open file "@" : No such file or directory
samtools index: failed to open "@": No such file or directory
THREADS = 8
GENOME_FILE = hg38
INDEX_PREFIX = hg38_GQ994935
OUTPUT_DIR = /home/xiang/New_disk1/PROseq_PEL
BOWTIE2_DIR = /usr/bin/bowtie2
ALIGNED_DIR = /home/xiang/New_disk1/PROseq_PEL/aligned
PAIREND = No
TRIMMED_DIR = 
FASTQ_FILE1 = /home/xiang/New_disk1/PROseq_PEL/OG/7667-XY-10.trimmed.fastq.gz
sample fastq file: /home/xiang/New_disk1/PROseq_PEL/OG/7667-XY-10.trimmed.fastq.gz
8664839 reads; of these:
  8664839 (100.00%) were unpaired; of these:
    2930774 (33.82%) aligned 0 times
    5734065 (66.18%) aligned exactly 1 time
    0 (0.00%) aligned >1 times
66.18% overall alignment rate
[E::hts_idx_push] Chromosome blocks not continuous
[E::sam_index] Read 'NB501087:854:HFWLHBGXL:1:11101:16663:1119' with ref_name='chr3', ref_length=198295559, flags=0, pos=194446990 cannot be indexed
samtools index: failed to create index for "/home/xiang/New_disk1/PROseq_PEL/aligned/7667-XY-10.trimmed.bam"
[bam_sort_core] merging from 0 files and 30 in-memory blocks...
[E::hts_open_format] Failed to open file "@" : No such file or directory
samtools index: failed to open "@": No such file or directory
[E::hts_open_format] Failed to open file "/home/xiang/New_disk1/PROseq_PEL/aligned/8199-XY-1.trimmed.CGATGT.fastq.gz_S1_L005_R1_001_sorted.bam" : No such file or directory
samtools index: failed to open "/home/xiang/New_disk1/PROseq_PEL/aligned/8199-XY-1.trimmed.CGATGT.fastq.gz_S1_L005_R1_001_sorted.bam": No such file or directory
[E::hts_open_format] Failed to open file "/home/xiang/New_disk1/PROseq_PEL/aligned/8199-XY-1.trimmed.CGATGT.fastq.gz_S1_L005_R1_001_sorted.bam" : No such file or directory
samtools view: failed to open "/home/xiang/New_disk1/PROseq_PEL/aligned/8199-XY-1.trimmed.CGATGT.fastq.gz_S1_L005_R1_001_sorted.bam" for reading: No such file or directory
[E::hts_open_format] Failed to open file "/home/xiang/New_disk1/PROseq_PEL/aligned/8199-XY-1.trimmed.CGATGT.fastq.gz.filtered.bam" : No such file or directory
samtools index: failed to open "/home/xiang/New_disk1/PROseq_PEL/aligned/8199-XY-1.trimmed.CGATGT.fastq.gz.filtered.bam": No such file or directory
[E::hts_open_format] Failed to open file "/home/xiang/New_disk1/PROseq_PEL/aligned/8199-XY-2.trimmed.TGACCA.fastq.gz_S1_L005_R1_001_sorted.bam" : No such file or directory
samtools index: failed to open "/home/xiang/New_disk1/PROseq_PEL/aligned/8199-XY-2.trimmed.TGACCA.fastq.gz_S1_L005_R1_001_sorted.bam": No such file or directory
[E::hts_open_format] Failed to open file "/home/xiang/New_disk1/PROseq_PEL/aligned/8199-XY-2.trimmed.TGACCA.fastq.gz_S1_L005_R1_001_sorted.bam" : No such file or directory
samtools view: failed to open "/home/xiang/New_disk1/PROseq_PEL/aligned/8199-XY-2.trimmed.TGACCA.fastq.gz_S1_L005_R1_001_sorted.bam" for reading: No such file or directory
[E::hts_open_format] Failed to open file "/home/xiang/New_disk1/PROseq_PEL/aligned/8199-XY-2.trimmed.TGACCA.fastq.gz.filtered.bam" : No such file or directory
samtools index: failed to open "/home/xiang/New_disk1/PROseq_PEL/aligned/8199-XY-2.trimmed.TGACCA.fastq.gz.filtered.bam": No such file or directory
[E::hts_open_format] Failed to open file "/home/xiang/New_disk1/PROseq_PEL/aligned/8199-XY-3.trimmed.CACTGT.fastq.gz_S1_L005_R1_001_sorted.bam" : No such file or directory
samtools index: failed to open "/home/xiang/New_disk1/PROseq_PEL/aligned/8199-XY-3.trimmed.CACTGT.fastq.gz_S1_L005_R1_001_sorted.bam": No such file or directory
[E::hts_open_format] Failed to open file "/home/xiang/New_disk1/PROseq_PEL/aligned/8199-XY-3.trimmed.CACTGT.fastq.gz_S1_L005_R1_001_sorted.bam" : No such file or directory
samtools view: failed to open "/home/xiang/New_disk1/PROseq_PEL/aligned/8199-XY-3.trimmed.CACTGT.fastq.gz_S1_L005_R1_001_sorted.bam" for reading: No such file or directory
[E::hts_open_format] Failed to open file "/home/xiang/New_disk1/PROseq_PEL/aligned/8199-XY-3.trimmed.CACTGT.fastq.gz.filtered.bam" : No such file or directory
samtools index: failed to open "/home/xiang/New_disk1/PROseq_PEL/aligned/8199-XY-3.trimmed.CACTGT.fastq.gz.filtered.bam": No such file or directory
[E::hts_open_format] Failed to open file "/home/xiang/New_disk1/PROseq_PEL/aligned/8199-XY-4.trimmed.ATTGGC.fastq.gz_S1_L005_R1_001_sorted.bam" : No such file or directory
samtools index: failed to open "/home/xiang/New_disk1/PROseq_PEL/aligned/8199-XY-4.trimmed.ATTGGC.fastq.gz_S1_L005_R1_001_sorted.bam": No such file or directory
[E::hts_open_format] Failed to open file "/home/xiang/New_disk1/PROseq_PEL/aligned/8199-XY-4.trimmed.ATTGGC.fastq.gz_S1_L005_R1_001_sorted.bam" : No such file or directory
samtools view: failed to open "/home/xiang/New_disk1/PROseq_PEL/aligned/8199-XY-4.trimmed.ATTGGC.fastq.gz_S1_L005_R1_001_sorted.bam" for reading: No such file or directory
[E::hts_open_format] Failed to open file "/home/xiang/New_disk1/PROseq_PEL/aligned/8199-XY-4.trimmed.ATTGGC.fastq.gz.filtered.bam" : No such file or directory
samtools index: failed to open "/home/xiang/New_disk1/PROseq_PEL/aligned/8199-XY-4.trimmed.ATTGGC.fastq.gz.filtered.bam": No such file or directory
[E::hts_open_format] Failed to open file "/home/xiang/New_disk1/PROseq_PEL/aligned/8199-XY-5.trimmed.CAGATC.fastq.gz_S1_L005_R1_001_sorted.bam" : No such file or directory
samtools index: failed to open "/home/xiang/New_disk1/PROseq_PEL/aligned/8199-XY-5.trimmed.CAGATC.fastq.gz_S1_L005_R1_001_sorted.bam": No such file or directory
[E::hts_open_format] Failed to open file "/home/xiang/New_disk1/PROseq_PEL/aligned/8199-XY-5.trimmed.CAGATC.fastq.gz_S1_L005_R1_001_sorted.bam" : No such file or directory
samtools view: failed to open "/home/xiang/New_disk1/PROseq_PEL/aligned/8199-XY-5.trimmed.CAGATC.fastq.gz_S1_L005_R1_001_sorted.bam" for reading: No such file or directory
[E::hts_open_format] Failed to open file "/home/xiang/New_disk1/PROseq_PEL/aligned/8199-XY-5.trimmed.CAGATC.fastq.gz.filtered.bam" : No such file or directory
samtools index: failed to open "/home/xiang/New_disk1/PROseq_PEL/aligned/8199-XY-5.trimmed.CAGATC.fastq.gz.filtered.bam": No such file or directory
[E::hts_open_format] Failed to open file "/home/xiang/New_disk1/PROseq_PEL/aligned/8199-XY-6.trimmed.TACAAG.fastq.gz_S1_L005_R1_001_sorted.bam" : No such file or directory
samtools index: failed to open "/home/xiang/New_disk1/PROseq_PEL/aligned/8199-XY-6.trimmed.TACAAG.fastq.gz_S1_L005_R1_001_sorted.bam": No such file or directory
[E::hts_open_format] Failed to open file "/home/xiang/New_disk1/PROseq_PEL/aligned/8199-XY-6.trimmed.TACAAG.fastq.gz_S1_L005_R1_001_sorted.bam" : No such file or directory
samtools view: failed to open "/home/xiang/New_disk1/PROseq_PEL/aligned/8199-XY-6.trimmed.TACAAG.fastq.gz_S1_L005_R1_001_sorted.bam" for reading: No such file or directory
[E::hts_open_format] Failed to open file "/home/xiang/New_disk1/PROseq_PEL/aligned/8199-XY-6.trimmed.TACAAG.fastq.gz.filtered.bam" : No such file or directory
samtools index: failed to open "/home/xiang/New_disk1/PROseq_PEL/aligned/8199-XY-6.trimmed.TACAAG.fastq.gz.filtered.bam": No such file or directory
[E::hts_open_format] Failed to open file "/home/xiang/New_disk1/PROseq_PEL/aligned/8199-XY-7.trimmed.CCGTCC.fastq.gz_S1_L005_R1_001_sorted.bam" : No such file or directory
samtools index: failed to open "/home/xiang/New_disk1/PROseq_PEL/aligned/8199-XY-7.trimmed.CCGTCC.fastq.gz_S1_L005_R1_001_sorted.bam": No such file or directory
[E::hts_open_format] Failed to open file "/home/xiang/New_disk1/PROseq_PEL/aligned/8199-XY-7.trimmed.CCGTCC.fastq.gz_S1_L005_R1_001_sorted.bam" : No such file or directory
samtools view: failed to open "/home/xiang/New_disk1/PROseq_PEL/aligned/8199-XY-7.trimmed.CCGTCC.fastq.gz_S1_L005_R1_001_sorted.bam" for reading: No such file or directory
[E::hts_open_format] Failed to open file "/home/xiang/New_disk1/PROseq_PEL/aligned/8199-XY-7.trimmed.CCGTCC.fastq.gz.filtered.bam" : No such file or directory
samtools index: failed to open "/home/xiang/New_disk1/PROseq_PEL/aligned/8199-XY-7.trimmed.CCGTCC.fastq.gz.filtered.bam": No such file or directory
[E::hts_open_format] Failed to open file "/home/xiang/New_disk1/PROseq_PEL/aligned/8199-XY-8.trimmed.TTTCAC.fastq.gz_S1_L005_R1_001_sorted.bam" : No such file or directory
samtools index: failed to open "/home/xiang/New_disk1/PROseq_PEL/aligned/8199-XY-8.trimmed.TTTCAC.fastq.gz_S1_L005_R1_001_sorted.bam": No such file or directory
[E::hts_open_format] Failed to open file "/home/xiang/New_disk1/PROseq_PEL/aligned/8199-XY-8.trimmed.TTTCAC.fastq.gz_S1_L005_R1_001_sorted.bam" : No such file or directory
samtools view: failed to open "/home/xiang/New_disk1/PROseq_PEL/aligned/8199-XY-8.trimmed.TTTCAC.fastq.gz_S1_L005_R1_001_sorted.bam" for reading: No such file or directory
[E::hts_open_format] Failed to open file "/home/xiang/New_disk1/PROseq_PEL/aligned/8199-XY-8.trimmed.TTTCAC.fastq.gz.filtered.bam" : No such file or directory
samtools index: failed to open "/home/xiang/New_disk1/PROseq_PEL/aligned/8199-XY-8.trimmed.TTTCAC.fastq.gz.filtered.bam": No such file or directory
[E::hts_open_format] Failed to open file "/home/xiang/New_disk1/PROseq_PEL/aligned/8199-XY-9.trimmed.CGATGT.fastq.gz_S1_L005_R1_001_sorted.bam" : No such file or directory
samtools index: failed to open "/home/xiang/New_disk1/PROseq_PEL/aligned/8199-XY-9.trimmed.CGATGT.fastq.gz_S1_L005_R1_001_sorted.bam": No such file or directory
[E::hts_open_format] Failed to open file "/home/xiang/New_disk1/PROseq_PEL/aligned/8199-XY-9.trimmed.CGATGT.fastq.gz_S1_L005_R1_001_sorted.bam" : No such file or directory
samtools view: failed to open "/home/xiang/New_disk1/PROseq_PEL/aligned/8199-XY-9.trimmed.CGATGT.fastq.gz_S1_L005_R1_001_sorted.bam" for reading: No such file or directory
[E::hts_open_format] Failed to open file "/home/xiang/New_disk1/PROseq_PEL/aligned/8199-XY-9.trimmed.CGATGT.fastq.gz.filtered.bam" : No such file or directory
samtools index: failed to open "/home/xiang/New_disk1/PROseq_PEL/aligned/8199-XY-9.trimmed.CGATGT.fastq.gz.filtered.bam": No such file or directory
[E::hts_open_format] Failed to open file "/home/xiang/New_disk1/PROseq_PEL/aligned/7667-XY-1.trimmed.fastq.gz_S1_L005_R1_001_sorted.bam" : No such file or directory
samtools index: failed to open "/home/xiang/New_disk1/PROseq_PEL/aligned/7667-XY-1.trimmed.fastq.gz_S1_L005_R1_001_sorted.bam": No such file or directory
[E::hts_open_format] Failed to open file "/home/xiang/New_disk1/PROseq_PEL/aligned/7667-XY-1.trimmed.fastq.gz_S1_L005_R1_001_sorted.bam" : No such file or directory
samtools view: failed to open "/home/xiang/New_disk1/PROseq_PEL/aligned/7667-XY-1.trimmed.fastq.gz_S1_L005_R1_001_sorted.bam" for reading: No such file or directory
[E::hts_open_format] Failed to open file "/home/xiang/New_disk1/PROseq_PEL/aligned/7667-XY-1.trimmed.fastq.gz.filtered.bam" : No such file or directory
samtools index: failed to open "/home/xiang/New_disk1/PROseq_PEL/aligned/7667-XY-1.trimmed.fastq.gz.filtered.bam": No such file or directory
[E::hts_open_format] Failed to open file "/home/xiang/New_disk1/PROseq_PEL/aligned/7667-XY-2.trimmed.fastq.gz_S1_L005_R1_001_sorted.bam" : No such file or directory
samtools index: failed to open "/home/xiang/New_disk1/PROseq_PEL/aligned/7667-XY-2.trimmed.fastq.gz_S1_L005_R1_001_sorted.bam": No such file or directory
[E::hts_open_format] Failed to open file "/home/xiang/New_disk1/PROseq_PEL/aligned/7667-XY-2.trimmed.fastq.gz_S1_L005_R1_001_sorted.bam" : No such file or directory
samtools view: failed to open "/home/xiang/New_disk1/PROseq_PEL/aligned/7667-XY-2.trimmed.fastq.gz_S1_L005_R1_001_sorted.bam" for reading: No such file or directory
[E::hts_open_format] Failed to open file "/home/xiang/New_disk1/PROseq_PEL/aligned/7667-XY-2.trimmed.fastq.gz.filtered.bam" : No such file or directory
samtools index: failed to open "/home/xiang/New_disk1/PROseq_PEL/aligned/7667-XY-2.trimmed.fastq.gz.filtered.bam": No such file or directory
[E::hts_open_format] Failed to open file "/home/xiang/New_disk1/PROseq_PEL/aligned/7667-XY-3.trimmed.fastq.gz_S1_L005_R1_001_sorted.bam" : No such file or directory
samtools index: failed to open "/home/xiang/New_disk1/PROseq_PEL/aligned/7667-XY-3.trimmed.fastq.gz_S1_L005_R1_001_sorted.bam": No such file or directory
[E::hts_open_format] Failed to open file "/home/xiang/New_disk1/PROseq_PEL/aligned/7667-XY-3.trimmed.fastq.gz_S1_L005_R1_001_sorted.bam" : No such file or directory
samtools view: failed to open "/home/xiang/New_disk1/PROseq_PEL/aligned/7667-XY-3.trimmed.fastq.gz_S1_L005_R1_001_sorted.bam" for reading: No such file or directory
[E::hts_open_format] Failed to open file "/home/xiang/New_disk1/PROseq_PEL/aligned/7667-XY-3.trimmed.fastq.gz.filtered.bam" : No such file or directory
samtools index: failed to open "/home/xiang/New_disk1/PROseq_PEL/aligned/7667-XY-3.trimmed.fastq.gz.filtered.bam": No such file or directory
[E::hts_open_format] Failed to open file "/home/xiang/New_disk1/PROseq_PEL/aligned/7667-XY-4.trimmed.fastq.gz_S1_L005_R1_001_sorted.bam" : No such file or directory
samtools index: failed to open "/home/xiang/New_disk1/PROseq_PEL/aligned/7667-XY-4.trimmed.fastq.gz_S1_L005_R1_001_sorted.bam": No such file or directory
[E::hts_open_format] Failed to open file "/home/xiang/New_disk1/PROseq_PEL/aligned/7667-XY-4.trimmed.fastq.gz_S1_L005_R1_001_sorted.bam" : No such file or directory
samtools view: failed to open "/home/xiang/New_disk1/PROseq_PEL/aligned/7667-XY-4.trimmed.fastq.gz_S1_L005_R1_001_sorted.bam" for reading: No such file or directory
[E::hts_open_format] Failed to open file "/home/xiang/New_disk1/PROseq_PEL/aligned/7667-XY-4.trimmed.fastq.gz.filtered.bam" : No such file or directory
samtools index: failed to open "/home/xiang/New_disk1/PROseq_PEL/aligned/7667-XY-4.trimmed.fastq.gz.filtered.bam": No such file or directory
[E::hts_open_format] Failed to open file "/home/xiang/New_disk1/PROseq_PEL/aligned/7667-XY-5.trimmed.fastq.gz_S1_L005_R1_001_sorted.bam" : No such file or directory
samtools index: failed to open "/home/xiang/New_disk1/PROseq_PEL/aligned/7667-XY-5.trimmed.fastq.gz_S1_L005_R1_001_sorted.bam": No such file or directory
[E::hts_open_format] Failed to open file "/home/xiang/New_disk1/PROseq_PEL/aligned/7667-XY-5.trimmed.fastq.gz_S1_L005_R1_001_sorted.bam" : No such file or directory
samtools view: failed to open "/home/xiang/New_disk1/PROseq_PEL/aligned/7667-XY-5.trimmed.fastq.gz_S1_L005_R1_001_sorted.bam" for reading: No such file or directory
[E::hts_open_format] Failed to open file "/home/xiang/New_disk1/PROseq_PEL/aligned/7667-XY-5.trimmed.fastq.gz.filtered.bam" : No such file or directory
samtools index: failed to open "/home/xiang/New_disk1/PROseq_PEL/aligned/7667-XY-5.trimmed.fastq.gz.filtered.bam": No such file or directory
[E::hts_open_format] Failed to open file "/home/xiang/New_disk1/PROseq_PEL/aligned/7667-XY-6.trimmed.fastq.gz_S1_L005_R1_001_sorted.bam" : No such file or directory
samtools index: failed to open "/home/xiang/New_disk1/PROseq_PEL/aligned/7667-XY-6.trimmed.fastq.gz_S1_L005_R1_001_sorted.bam": No such file or directory
[E::hts_open_format] Failed to open file "/home/xiang/New_disk1/PROseq_PEL/aligned/7667-XY-6.trimmed.fastq.gz_S1_L005_R1_001_sorted.bam" : No such file or directory
samtools view: failed to open "/home/xiang/New_disk1/PROseq_PEL/aligned/7667-XY-6.trimmed.fastq.gz_S1_L005_R1_001_sorted.bam" for reading: No such file or directory
[E::hts_open_format] Failed to open file "/home/xiang/New_disk1/PROseq_PEL/aligned/7667-XY-6.trimmed.fastq.gz.filtered.bam" : No such file or directory
samtools index: failed to open "/home/xiang/New_disk1/PROseq_PEL/aligned/7667-XY-6.trimmed.fastq.gz.filtered.bam": No such file or directory
[E::hts_open_format] Failed to open file "/home/xiang/New_disk1/PROseq_PEL/aligned/7667-XY-7.trimmed.fastq.gz_S1_L005_R1_001_sorted.bam" : No such file or directory
samtools index: failed to open "/home/xiang/New_disk1/PROseq_PEL/aligned/7667-XY-7.trimmed.fastq.gz_S1_L005_R1_001_sorted.bam": No such file or directory
[E::hts_open_format] Failed to open file "/home/xiang/New_disk1/PROseq_PEL/aligned/7667-XY-7.trimmed.fastq.gz_S1_L005_R1_001_sorted.bam" : No such file or directory
samtools view: failed to open "/home/xiang/New_disk1/PROseq_PEL/aligned/7667-XY-7.trimmed.fastq.gz_S1_L005_R1_001_sorted.bam" for reading: No such file or directory
[E::hts_open_format] Failed to open file "/home/xiang/New_disk1/PROseq_PEL/aligned/7667-XY-7.trimmed.fastq.gz.filtered.bam" : No such file or directory
samtools index: failed to open "/home/xiang/New_disk1/PROseq_PEL/aligned/7667-XY-7.trimmed.fastq.gz.filtered.bam": No such file or directory
[E::hts_open_format] Failed to open file "/home/xiang/New_disk1/PROseq_PEL/aligned/7667-XY-8.trimmed.fastq.gz_S1_L005_R1_001_sorted.bam" : No such file or directory
samtools index: failed to open "/home/xiang/New_disk1/PROseq_PEL/aligned/7667-XY-8.trimmed.fastq.gz_S1_L005_R1_001_sorted.bam": No such file or directory
[E::hts_open_format] Failed to open file "/home/xiang/New_disk1/PROseq_PEL/aligned/7667-XY-8.trimmed.fastq.gz_S1_L005_R1_001_sorted.bam" : No such file or directory
samtools view: failed to open "/home/xiang/New_disk1/PROseq_PEL/aligned/7667-XY-8.trimmed.fastq.gz_S1_L005_R1_001_sorted.bam" for reading: No such file or directory
[E::hts_open_format] Failed to open file "/home/xiang/New_disk1/PROseq_PEL/aligned/7667-XY-8.trimmed.fastq.gz.filtered.bam" : No such file or directory
samtools index: failed to open "/home/xiang/New_disk1/PROseq_PEL/aligned/7667-XY-8.trimmed.fastq.gz.filtered.bam": No such file or directory
[E::hts_open_format] Failed to open file "/home/xiang/New_disk1/PROseq_PEL/aligned/7667-XY-9.trimmed.fastq.gz_S1_L005_R1_001_sorted.bam" : No such file or directory
samtools index: failed to open "/home/xiang/New_disk1/PROseq_PEL/aligned/7667-XY-9.trimmed.fastq.gz_S1_L005_R1_001_sorted.bam": No such file or directory
[E::hts_open_format] Failed to open file "/home/xiang/New_disk1/PROseq_PEL/aligned/7667-XY-9.trimmed.fastq.gz_S1_L005_R1_001_sorted.bam" : No such file or directory
samtools view: failed to open "/home/xiang/New_disk1/PROseq_PEL/aligned/7667-XY-9.trimmed.fastq.gz_S1_L005_R1_001_sorted.bam" for reading: No such file or directory
[E::hts_open_format] Failed to open file "/home/xiang/New_disk1/PROseq_PEL/aligned/7667-XY-9.trimmed.fastq.gz.filtered.bam" : No such file or directory
samtools index: failed to open "/home/xiang/New_disk1/PROseq_PEL/aligned/7667-XY-9.trimmed.fastq.gz.filtered.bam": No such file or directory
[E::hts_open_format] Failed to open file "/home/xiang/New_disk1/PROseq_PEL/aligned/7667-XY-10.trimmed.fastq.gz_S1_L005_R1_001_sorted.bam" : No such file or directory
samtools index: failed to open "/home/xiang/New_disk1/PROseq_PEL/aligned/7667-XY-10.trimmed.fastq.gz_S1_L005_R1_001_sorted.bam": No such file or directory
[E::hts_open_format] Failed to open file "/home/xiang/New_disk1/PROseq_PEL/aligned/7667-XY-10.trimmed.fastq.gz_S1_L005_R1_001_sorted.bam" : No such file or directory
samtools view: failed to open "/home/xiang/New_disk1/PROseq_PEL/aligned/7667-XY-10.trimmed.fastq.gz_S1_L005_R1_001_sorted.bam" for reading: No such file or directory
[E::hts_open_format] Failed to open file "/home/xiang/New_disk1/PROseq_PEL/aligned/7667-XY-10.trimmed.fastq.gz.filtered.bam" : No such file or directory
samtools index: failed to open "/home/xiang/New_disk1/PROseq_PEL/aligned/7667-XY-10.trimmed.fastq.gz.filtered.bam": No such file or directory
[E::hts_open_format] Failed to open file "/home/xiang/New_disk1/PROseq_PEL/aligned/8199-XY-1.trimmed.CGATGT.fastq.gz.filtered.bam" : No such file or directory
The file '/home/xiang/New_disk1/PROseq_PEL/aligned/8199-XY-1.trimmed.CGATGT.fastq.gz.filtered.bam' does not exist
[E::hts_open_format] Failed to open file "/home/xiang/New_disk1/PROseq_PEL/aligned/8199-XY-2.trimmed.TGACCA.fastq.gz.filtered.bam" : No such file or directory
The file '/home/xiang/New_disk1/PROseq_PEL/aligned/8199-XY-2.trimmed.TGACCA.fastq.gz.filtered.bam' does not exist
[E::hts_open_format] Failed to open file "/home/xiang/New_disk1/PROseq_PEL/aligned/8199-XY-3.trimmed.CACTGT.fastq.gz.filtered.bam" : No such file or directory
The file '/home/xiang/New_disk1/PROseq_PEL/aligned/8199-XY-3.trimmed.CACTGT.fastq.gz.filtered.bam' does not exist
[E::hts_open_format] Failed to open file "/home/xiang/New_disk1/PROseq_PEL/aligned/8199-XY-4.trimmed.ATTGGC.fastq.gz.filtered.bam" : No such file or directory
The file '/home/xiang/New_disk1/PROseq_PEL/aligned/8199-XY-4.trimmed.ATTGGC.fastq.gz.filtered.bam' does not exist
[E::hts_open_format] Failed to open file "/home/xiang/New_disk1/PROseq_PEL/aligned/8199-XY-5.trimmed.CAGATC.fastq.gz.filtered.bam" : No such file or directory
The file '/home/xiang/New_disk1/PROseq_PEL/aligned/8199-XY-5.trimmed.CAGATC.fastq.gz.filtered.bam' does not exist
[E::hts_open_format] Failed to open file "/home/xiang/New_disk1/PROseq_PEL/aligned/8199-XY-6.trimmed.TACAAG.fastq.gz.filtered.bam" : No such file or directory
The file '/home/xiang/New_disk1/PROseq_PEL/aligned/8199-XY-6.trimmed.TACAAG.fastq.gz.filtered.bam' does not exist
[E::hts_open_format] Failed to open file "/home/xiang/New_disk1/PROseq_PEL/aligned/8199-XY-7.trimmed.CCGTCC.fastq.gz.filtered.bam" : No such file or directory
The file '/home/xiang/New_disk1/PROseq_PEL/aligned/8199-XY-7.trimmed.CCGTCC.fastq.gz.filtered.bam' does not exist
[E::hts_open_format] Failed to open file "/home/xiang/New_disk1/PROseq_PEL/aligned/8199-XY-8.trimmed.TTTCAC.fastq.gz.filtered.bam" : No such file or directory
The file '/home/xiang/New_disk1/PROseq_PEL/aligned/8199-XY-8.trimmed.TTTCAC.fastq.gz.filtered.bam' does not exist
[E::hts_open_format] Failed to open file "/home/xiang/New_disk1/PROseq_PEL/aligned/8199-XY-9.trimmed.CGATGT.fastq.gz.filtered.bam" : No such file or directory
The file '/home/xiang/New_disk1/PROseq_PEL/aligned/8199-XY-9.trimmed.CGATGT.fastq.gz.filtered.bam' does not exist
[E::hts_open_format] Failed to open file "/home/xiang/New_disk1/PROseq_PEL/aligned/7667-XY-1.trimmed.fastq.gz.filtered.bam" : No such file or directory
The file '/home/xiang/New_disk1/PROseq_PEL/aligned/7667-XY-1.trimmed.fastq.gz.filtered.bam' does not exist
[E::hts_open_format] Failed to open file "/home/xiang/New_disk1/PROseq_PEL/aligned/7667-XY-2.trimmed.fastq.gz.filtered.bam" : No such file or directory
The file '/home/xiang/New_disk1/PROseq_PEL/aligned/7667-XY-2.trimmed.fastq.gz.filtered.bam' does not exist
[E::hts_open_format] Failed to open file "/home/xiang/New_disk1/PROseq_PEL/aligned/7667-XY-3.trimmed.fastq.gz.filtered.bam" : No such file or directory
The file '/home/xiang/New_disk1/PROseq_PEL/aligned/7667-XY-3.trimmed.fastq.gz.filtered.bam' does not exist
[E::hts_open_format] Failed to open file "/home/xiang/New_disk1/PROseq_PEL/aligned/7667-XY-4.trimmed.fastq.gz.filtered.bam" : No such file or directory
The file '/home/xiang/New_disk1/PROseq_PEL/aligned/7667-XY-4.trimmed.fastq.gz.filtered.bam' does not exist
[E::hts_open_format] Failed to open file "/home/xiang/New_disk1/PROseq_PEL/aligned/7667-XY-5.trimmed.fastq.gz.filtered.bam" : No such file or directory
The file '/home/xiang/New_disk1/PROseq_PEL/aligned/7667-XY-5.trimmed.fastq.gz.filtered.bam' does not exist
[E::hts_open_format] Failed to open file "/home/xiang/New_disk1/PROseq_PEL/aligned/7667-XY-6.trimmed.fastq.gz.filtered.bam" : No such file or directory
The file '/home/xiang/New_disk1/PROseq_PEL/aligned/7667-XY-6.trimmed.fastq.gz.filtered.bam' does not exist
[E::hts_open_format] Failed to open file "/home/xiang/New_disk1/PROseq_PEL/aligned/7667-XY-7.trimmed.fastq.gz.filtered.bam" : No such file or directory
The file '/home/xiang/New_disk1/PROseq_PEL/aligned/7667-XY-7.trimmed.fastq.gz.filtered.bam' does not exist
[E::hts_open_format] Failed to open file "/home/xiang/New_disk1/PROseq_PEL/aligned/7667-XY-8.trimmed.fastq.gz.filtered.bam" : No such file or directory
The file '/home/xiang/New_disk1/PROseq_PEL/aligned/7667-XY-8.trimmed.fastq.gz.filtered.bam' does not exist
[E::hts_open_format] Failed to open file "/home/xiang/New_disk1/PROseq_PEL/aligned/7667-XY-9.trimmed.fastq.gz.filtered.bam" : No such file or directory
The file '/home/xiang/New_disk1/PROseq_PEL/aligned/7667-XY-9.trimmed.fastq.gz.filtered.bam' does not exist
[E::hts_open_format] Failed to open file "/home/xiang/New_disk1/PROseq_PEL/aligned/7667-XY-10.trimmed.fastq.gz.filtered.bam" : No such file or directory
The file '/home/xiang/New_disk1/PROseq_PEL/aligned/7667-XY-10.trimmed.fastq.gz.filtered.bam' does not exist
Traceback (most recent call last):
  File "/home/xiang/Dropbox/RNAseqAna/Run_scripts_PROseq_BCBL1.py", line 97, in <module>
    file = os.path.basename(fastq_files[i*2]).split('_', 1)[0]
IndexError: list index out of range
