using 8 threads:
The star index folder is /home/xiang/RNAseq/RNAseq_test/star_idx:
The current directory is: /home/xiang/RNAseq/TB_RNAseq
The fastq files used are: /home/xiang/New_disk4/FASTQ/TREx_BCBL1_RNAseq_OG/5727-SR-1-CGATGTAT-CGAGATCT_S1_L005_R1_001.fastq.gz and /home/xiang/New_disk4/FASTQ/TREx_BCBL1_RNAseq_OG/5727-SR-1-CGATGTAT-CGAGATCT_S1_L005_R2_001.fastq.gz as pairs
the alignment files are in /home/xiang/RNAseq/TB_RNAseq/aligned
Aug 02 17:39:09 ..... started STAR run
Aug 02 17:39:10 ..... loading genome
Aug 02 17:43:58 ..... started mapping
Aug 02 19:09:23 ..... finished mapping
Aug 02 19:09:29 ..... started sorting BAM
Aug 02 19:17:29 ..... finished successfully
using 8 threads:
The star index folder is /home/xiang/RNAseq/RNAseq_test/star_idx:
The current directory is: /home/xiang/RNAseq/TB_RNAseq
The fastq files used are: /home/xiang/New_disk4/FASTQ/TREx_BCBL1_RNAseq_OG/5727-SR-2-TGACCAAT-CGAGATCT_S1_L005_R1_001.fastq.gz and /home/xiang/New_disk4/FASTQ/TREx_BCBL1_RNAseq_OG/5727-SR-2-TGACCAAT-CGAGATCT_S1_L005_R2_001.fastq.gz as pairs
the alignment files are in /home/xiang/RNAseq/TB_RNAseq/aligned
Aug 02 19:17:41 ..... started STAR run
Aug 02 19:17:42 ..... loading genome
Aug 02 19:21:57 ..... started mapping
Aug 02 20:51:57 ..... finished mapping
Aug 02 20:52:01 ..... started sorting BAM
Aug 02 20:58:48 ..... finished successfully
using 8 threads:
The star index folder is /home/xiang/RNAseq/RNAseq_test/star_idx:
The current directory is: /home/xiang/RNAseq/TB_RNAseq
The fastq files used are: /home/xiang/New_disk4/FASTQ/TREx_BCBL1_RNAseq_OG/5727-SR-3-ACAGTGAT-CGAGATCT_S1_L005_R1_001.fastq.gz and /home/xiang/New_disk4/FASTQ/TREx_BCBL1_RNAseq_OG/5727-SR-3-ACAGTGAT-CGAGATCT_S1_L005_R2_001.fastq.gz as pairs
the alignment files are in /home/xiang/RNAseq/TB_RNAseq/aligned
Aug 02 20:58:56 ..... started STAR run
Aug 02 20:58:56 ..... loading genome
Aug 02 20:59:25 ..... started mapping
Aug 02 22:49:21 ..... finished mapping
Aug 02 22:49:24 ..... started sorting BAM
Aug 02 22:58:34 ..... finished successfully
using 8 threads:
The star index folder is /home/xiang/RNAseq/RNAseq_test/star_idx:
The current directory is: /home/xiang/RNAseq/TB_RNAseq
The fastq files used are: /home/xiang/New_disk4/FASTQ/TREx_BCBL1_RNAseq_OG/5727-SR-4-GCCAATAT-CGAGATCT_S1_L005_R1_001.fastq.gz and /home/xiang/New_disk4/FASTQ/TREx_BCBL1_RNAseq_OG/5727-SR-4-GCCAATAT-CGAGATCT_S1_L005_R2_001.fastq.gz as pairs
the alignment files are in /home/xiang/RNAseq/TB_RNAseq/aligned
Aug 02 22:58:44 ..... started STAR run
Aug 02 22:58:44 ..... loading genome
Aug 02 22:59:02 ..... started mapping
Aug 03 00:46:11 ..... finished mapping
Aug 03 00:46:18 ..... started sorting BAM
Aug 03 00:54:49 ..... finished successfully
['/home/xiang/New_disk4/FASTQ/TREx_BCBL1_RNAseq_OG/5727-SR-1-CGATGTAT-CGAGATCT_S1_L005_R1_001.fastq.gz', '/home/xiang/New_disk4/FASTQ/TREx_BCBL1_RNAseq_OG/5727-SR-1-CGATGTAT-CGAGATCT_S1_L005_R2_001.fastq.gz', '/home/xiang/New_disk4/FASTQ/TREx_BCBL1_RNAseq_OG/5727-SR-2-TGACCAAT-CGAGATCT_S1_L005_R1_001.fastq.gz', '/home/xiang/New_disk4/FASTQ/TREx_BCBL1_RNAseq_OG/5727-SR-2-TGACCAAT-CGAGATCT_S1_L005_R2_001.fastq.gz', '/home/xiang/New_disk4/FASTQ/TREx_BCBL1_RNAseq_OG/5727-SR-3-ACAGTGAT-CGAGATCT_S1_L005_R1_001.fastq.gz', '/home/xiang/New_disk4/FASTQ/TREx_BCBL1_RNAseq_OG/5727-SR-3-ACAGTGAT-CGAGATCT_S1_L005_R2_001.fastq.gz', '/home/xiang/New_disk4/FASTQ/TREx_BCBL1_RNAseq_OG/5727-SR-4-GCCAATAT-CGAGATCT_S1_L005_R1_001.fastq.gz', '/home/xiang/New_disk4/FASTQ/TREx_BCBL1_RNAseq_OG/5727-SR-4-GCCAATAT-CGAGATCT_S1_L005_R2_001.fastq.gz']
Traceback (most recent call last):
  File "/home/xiang/Dropbox/RNAseqAna/Run_TB_RNAseq.py", line 62, in <module>
    index_bam(filtered_bam, thread = thread_num)
NameError: name 'index_bam' is not defined
