[2021-11-03 15:38:20,674] multiqc                                            [DEBUG  ]  This is MultiQC v1.11
[2021-11-03 15:38:20,674] multiqc                                            [DEBUG  ]  No MultiQC config found: /home/xiang/miniconda3/lib/python3.9/site-packages/multiqc_config.yaml
[2021-11-03 15:38:20,674] multiqc                                            [DEBUG  ]  No MultiQC config found: /home/xiang/.multiqc_config.yaml
[2021-11-03 15:38:20,674] multiqc                                            [DEBUG  ]  No MultiQC config found: multiqc_config.yaml
[2021-11-03 15:38:20,674] multiqc                                            [DEBUG  ]  Command used: /home/xiang/miniconda3/bin/multiqc /home/xiang/DNA_seq/BJAB_LANA_RNAseq
[2021-11-03 15:38:21,491] multiqc                                            [DEBUG  ]  Latest MultiQC version is v1.11
[2021-11-03 15:38:21,492] multiqc                                            [DEBUG  ]  Command     : /home/xiang/miniconda3/bin/multiqc /home/xiang/DNA_seq/BJAB_LANA_RNAseq
[2021-11-03 15:38:21,492] multiqc                                            [DEBUG  ]  Working dir : /home/xiang/Dropbox/RNAseqAna
[2021-11-03 15:38:21,492] multiqc                                            [DEBUG  ]  Template    : default
[2021-11-03 15:38:21,492] multiqc                                            [DEBUG  ]  Running Python 3.9.1 (default, Dec 11 2020, 14:32:07)  [GCC 7.3.0]
[2021-11-03 15:38:21,493] multiqc                                            [DEBUG  ]  Analysing modules: custom_content, ccs, ngsderive, purple, conpair, lima, peddy, somalier, methylQA, mosdepth, phantompeakqualtools, qualimap, preseq, quast, qorts, rna_seqc, rockhopper, rsem, rseqc, busco, bustools, goleft_indexcov, gffcompare, disambiguate, supernova, deeptools, sargasso, verifybamid, mirtrace, happy, mirtop, sambamba, homer, hops, macs2, theta2, snpeff, gatk, htseq, bcftools, featureCounts, fgbio, dragen, dedup, damageprofiler, biobambam2, jcvi, mtnucratio, picard, vep, sentieon, prokka, qc3C, nanostat, samblaster, samtools, sexdeterrmine, eigenstratdatabasetools, bamtools, jellyfish, vcftools, longranger, stacks, varscan2, snippy, bbmap, bismark, biscuit, hicexplorer, hicup, hicpro, salmon, kallisto, slamdunk, star, hisat2, tophat, bowtie2, bowtie1, snpsplit, odgi, pangolin, kat, leehom, adapterRemoval, clipandmerge, cutadapt, flexbar, kaiju, kraken, malt, trimmomatic, sickle, skewer, sortmerna, biobloomtools, fastq_screen, afterqc, fastp, fastqc, pychopper, pycoqc, minionqc, multivcfanalyzer, clusterflow, bcl2fastq, bclconvert, interop, ivar, flash, seqyclean, optitype
[2021-11-03 15:38:21,494] multiqc                                            [DEBUG  ]  Using temporary directory for creating report: /tmp/tmp7bnvazyd
[2021-11-03 15:38:21,581] multiqc                                            [INFO   ]  Search path : /home/xiang/DNA_seq/BJAB_LANA_RNAseq
[2021-11-03 15:38:22,689] multiqc                                            [DEBUG  ]  File ignored by ccs/v4 because it exceeded search pattern filesize limit: 7183-XY_project_summary.xlsx
[2021-11-03 15:38:22,690] multiqc                                            [DEBUG  ]  File ignored by hicexplorer because it exceeded search pattern filesize limit: 7183-XY_project_summary.xlsx
[2021-11-03 15:38:22,690] multiqc                                            [DEBUG  ]  File ignored by nanostat because it exceeded search pattern filesize limit: 7183-XY_project_summary.xlsx
[2021-11-03 15:38:22,690] multiqc                                            [DEBUG  ]  File ignored by lima/summary because it exceeded search pattern filesize limit: 7183-XY_project_summary.xlsx
[2021-11-03 15:38:22,692] multiqc                                            [DEBUG  ]  File ignored by longranger/invocation because it exceeded search pattern filesize limit: 7183-XY_project_summary.xlsx
[2021-11-03 15:38:22,695] multiqc                                            [DEBUG  ]  Ignoring file as matched an ignore pattern: GRCh38.annotation.gtf
[2021-11-03 15:38:22,696] multiqc                                            [DEBUG  ]  Ignoring file as matched an ignore pattern: GRCh38.primary_GQ994935.fa
[2021-11-03 15:38:22,696] multiqc                                            [DEBUG  ]  Ignoring file as matched an ignore pattern: GRCh38_HHV8.annotation.gtf
[2021-11-03 15:38:22,700] multiqc                                            [DEBUG  ]  Ignoring file as matched an ignore pattern: 7183-XY-3_S1_L005_R1_001_val_1.fq.gzAligned.sortedByCoord.out.bam.bai
[2021-11-03 15:38:22,701] multiqc                                            [DEBUG  ]  Ignoring file as matched an ignore pattern: 7183-XY-1.filtered.bam
[2021-11-03 15:38:22,701] multiqc                                            [DEBUG  ]  Ignoring file as matched an ignore pattern: 7183-XY-1_S1_L005_R1_001_val_1.fq.gzAligned.sortedByCoord.out.bam.bai
[2021-11-03 15:38:22,746] multiqc                                            [DEBUG  ]  File ignored by ccs/v4 because it exceeded search pattern filesize limit: 7183-XY-3_S1_L005_R1_001_val_1.fq.gzLog.progress.out
[2021-11-03 15:38:22,748] multiqc                                            [DEBUG  ]  File ignored by hicexplorer because it exceeded search pattern filesize limit: 7183-XY-3_S1_L005_R1_001_val_1.fq.gzLog.progress.out
[2021-11-03 15:38:22,749] multiqc                                            [DEBUG  ]  File ignored by nanostat because it exceeded search pattern filesize limit: 7183-XY-3_S1_L005_R1_001_val_1.fq.gzLog.progress.out
[2021-11-03 15:38:22,749] multiqc                                            [DEBUG  ]  File ignored by lima/summary because it exceeded search pattern filesize limit: 7183-XY-3_S1_L005_R1_001_val_1.fq.gzLog.progress.out
[2021-11-03 15:38:22,753] multiqc                                            [DEBUG  ]  File ignored by longranger/invocation because it exceeded search pattern filesize limit: 7183-XY-3_S1_L005_R1_001_val_1.fq.gzLog.progress.out
[2021-11-03 15:38:22,763] multiqc                                            [DEBUG  ]  Ignoring file as matched an ignore pattern: 7183-XY-2.filtered.bam
[2021-11-03 15:38:23,012] multiqc                                            [DEBUG  ]  File ignored by ccs/v4 because it exceeded search pattern filesize limit: 7183-XY-2_S1_L005_R1_001_val_1.fq.gzLog.out
[2021-11-03 15:38:23,014] multiqc                                            [DEBUG  ]  File ignored by hicexplorer because it exceeded search pattern filesize limit: 7183-XY-2_S1_L005_R1_001_val_1.fq.gzLog.out
[2021-11-03 15:38:23,014] multiqc                                            [DEBUG  ]  File ignored by nanostat because it exceeded search pattern filesize limit: 7183-XY-2_S1_L005_R1_001_val_1.fq.gzLog.out
[2021-11-03 15:38:23,014] multiqc                                            [DEBUG  ]  File ignored by lima/summary because it exceeded search pattern filesize limit: 7183-XY-2_S1_L005_R1_001_val_1.fq.gzLog.out
[2021-11-03 15:38:23,018] multiqc                                            [DEBUG  ]  File ignored by longranger/invocation because it exceeded search pattern filesize limit: 7183-XY-2_S1_L005_R1_001_val_1.fq.gzLog.out
[2021-11-03 15:38:23,372] multiqc                                            [DEBUG  ]  Ignoring file as matched an ignore pattern: 7183-XY-2_S1_L005_R1_001_val_1.fq.gzAligned.sortedByCoord.out.bam
[2021-11-03 15:38:23,403] multiqc                                            [DEBUG  ]  File ignored by ccs/v4 because it exceeded search pattern filesize limit: 7183-XY-1_S1_L005_R1_001_val_1.fq.gzLog.progress.out
[2021-11-03 15:38:23,405] multiqc                                            [DEBUG  ]  File ignored by hicexplorer because it exceeded search pattern filesize limit: 7183-XY-1_S1_L005_R1_001_val_1.fq.gzLog.progress.out
[2021-11-03 15:38:23,405] multiqc                                            [DEBUG  ]  File ignored by nanostat because it exceeded search pattern filesize limit: 7183-XY-1_S1_L005_R1_001_val_1.fq.gzLog.progress.out
[2021-11-03 15:38:23,405] multiqc                                            [DEBUG  ]  File ignored by lima/summary because it exceeded search pattern filesize limit: 7183-XY-1_S1_L005_R1_001_val_1.fq.gzLog.progress.out
[2021-11-03 15:38:23,409] multiqc                                            [DEBUG  ]  File ignored by longranger/invocation because it exceeded search pattern filesize limit: 7183-XY-1_S1_L005_R1_001_val_1.fq.gzLog.progress.out
[2021-11-03 15:38:23,416] multiqc                                            [DEBUG  ]  Ignoring file as matched an ignore pattern: 7183-XY-1_S1_L005_R1_001_val_1.fq.gzAligned.sortedByCoord.out.bam
[2021-11-03 15:38:23,416] multiqc                                            [DEBUG  ]  Ignoring file as matched an ignore pattern: 7183-XY-4.filtered.bam
[2021-11-03 15:38:23,416] multiqc                                            [DEBUG  ]  Ignoring file as matched an ignore pattern: 7183-XY-2_S1_L005_R1_001_val_1.fq.gzAligned.sortedByCoord.out.bam.bai
[2021-11-03 15:38:23,434] multiqc                                            [DEBUG  ]  File ignored by ccs/v4 because it exceeded search pattern filesize limit: 7183-XY-2_S1_L005_R1_001_val_1.fq.gzLog.progress.out
[2021-11-03 15:38:23,436] multiqc                                            [DEBUG  ]  File ignored by hicexplorer because it exceeded search pattern filesize limit: 7183-XY-2_S1_L005_R1_001_val_1.fq.gzLog.progress.out
[2021-11-03 15:38:23,436] multiqc                                            [DEBUG  ]  File ignored by nanostat because it exceeded search pattern filesize limit: 7183-XY-2_S1_L005_R1_001_val_1.fq.gzLog.progress.out
[2021-11-03 15:38:23,436] multiqc                                            [DEBUG  ]  File ignored by lima/summary because it exceeded search pattern filesize limit: 7183-XY-2_S1_L005_R1_001_val_1.fq.gzLog.progress.out
[2021-11-03 15:38:23,440] multiqc                                            [DEBUG  ]  File ignored by longranger/invocation because it exceeded search pattern filesize limit: 7183-XY-2_S1_L005_R1_001_val_1.fq.gzLog.progress.out
[2021-11-03 15:38:23,473] multiqc                                            [DEBUG  ]  File ignored by ccs/v4 because it exceeded search pattern filesize limit: 7183-XY-4_S1_L005_R1_001_val_1.fq.gzLog.out
[2021-11-03 15:38:23,475] multiqc                                            [DEBUG  ]  File ignored by hicexplorer because it exceeded search pattern filesize limit: 7183-XY-4_S1_L005_R1_001_val_1.fq.gzLog.out
[2021-11-03 15:38:23,475] multiqc                                            [DEBUG  ]  File ignored by nanostat because it exceeded search pattern filesize limit: 7183-XY-4_S1_L005_R1_001_val_1.fq.gzLog.out
[2021-11-03 15:38:23,475] multiqc                                            [DEBUG  ]  File ignored by lima/summary because it exceeded search pattern filesize limit: 7183-XY-4_S1_L005_R1_001_val_1.fq.gzLog.out
[2021-11-03 15:38:23,479] multiqc                                            [DEBUG  ]  File ignored by longranger/invocation because it exceeded search pattern filesize limit: 7183-XY-4_S1_L005_R1_001_val_1.fq.gzLog.out
[2021-11-03 15:38:23,498] multiqc                                            [DEBUG  ]  Ignoring file as matched an ignore pattern: 7183-XY-3.filtered.bam
[2021-11-03 15:38:23,500] multiqc                                            [DEBUG  ]  Ignoring file as matched an ignore pattern: 7183-XY-3.filtered.bam.bai
[2021-11-03 15:38:23,500] multiqc                                            [DEBUG  ]  Ignoring file as matched an ignore pattern: 7183-XY-2.filtered.bam.bai
[2021-11-03 15:38:23,509] multiqc                                            [DEBUG  ]  File ignored by ccs/v4 because it exceeded search pattern filesize limit: 7183-XY-4_S1_L005_R1_001_val_1.fq.gzLog.progress.out
[2021-11-03 15:38:23,510] multiqc                                            [DEBUG  ]  File ignored by hicexplorer because it exceeded search pattern filesize limit: 7183-XY-4_S1_L005_R1_001_val_1.fq.gzLog.progress.out
[2021-11-03 15:38:23,510] multiqc                                            [DEBUG  ]  File ignored by nanostat because it exceeded search pattern filesize limit: 7183-XY-4_S1_L005_R1_001_val_1.fq.gzLog.progress.out
[2021-11-03 15:38:23,510] multiqc                                            [DEBUG  ]  File ignored by lima/summary because it exceeded search pattern filesize limit: 7183-XY-4_S1_L005_R1_001_val_1.fq.gzLog.progress.out
[2021-11-03 15:38:23,511] multiqc                                            [DEBUG  ]  File ignored by longranger/invocation because it exceeded search pattern filesize limit: 7183-XY-4_S1_L005_R1_001_val_1.fq.gzLog.progress.out
[2021-11-03 15:38:23,516] multiqc                                            [DEBUG  ]  Ignoring file as matched an ignore pattern: 7183-XY-4.filtered.bam.bai
[2021-11-03 15:38:23,516] multiqc                                            [DEBUG  ]  Ignoring file as matched an ignore pattern: 7183-XY-1.filtered.bam.bai
[2021-11-03 15:38:23,517] multiqc                                            [DEBUG  ]  Ignoring file as matched an ignore pattern: 7183-XY-4_S1_L005_R1_001_val_1.fq.gzAligned.sortedByCoord.out.bam
[2021-11-03 15:38:23,520] multiqc                                            [DEBUG  ]  File ignored by ccs/v4 because it exceeded search pattern filesize limit: 7183-XY-1_S1_L005_R1_001_val_1.fq.gzLog.out
[2021-11-03 15:38:23,521] multiqc                                            [DEBUG  ]  File ignored by hicexplorer because it exceeded search pattern filesize limit: 7183-XY-1_S1_L005_R1_001_val_1.fq.gzLog.out
[2021-11-03 15:38:23,521] multiqc                                            [DEBUG  ]  File ignored by nanostat because it exceeded search pattern filesize limit: 7183-XY-1_S1_L005_R1_001_val_1.fq.gzLog.out
[2021-11-03 15:38:23,521] multiqc                                            [DEBUG  ]  File ignored by lima/summary because it exceeded search pattern filesize limit: 7183-XY-1_S1_L005_R1_001_val_1.fq.gzLog.out
[2021-11-03 15:38:23,522] multiqc                                            [DEBUG  ]  File ignored by longranger/invocation because it exceeded search pattern filesize limit: 7183-XY-1_S1_L005_R1_001_val_1.fq.gzLog.out
[2021-11-03 15:38:23,532] multiqc                                            [DEBUG  ]  Ignoring file as matched an ignore pattern: 7183-XY-4_S1_L005_R1_001_val_1.fq.gzAligned.sortedByCoord.out.bam.bai
[2021-11-03 15:38:23,532] multiqc                                            [DEBUG  ]  Ignoring file as matched an ignore pattern: 7183-XY-3_S1_L005_R1_001_val_1.fq.gzAligned.sortedByCoord.out.bam
[2021-11-03 15:38:23,549] multiqc                                            [DEBUG  ]  File ignored by ccs/v4 because it exceeded search pattern filesize limit: 7183-XY-3_S1_L005_R1_001_val_1.fq.gzLog.out
[2021-11-03 15:38:23,551] multiqc                                            [DEBUG  ]  File ignored by hicexplorer because it exceeded search pattern filesize limit: 7183-XY-3_S1_L005_R1_001_val_1.fq.gzLog.out
[2021-11-03 15:38:23,552] multiqc                                            [DEBUG  ]  File ignored by nanostat because it exceeded search pattern filesize limit: 7183-XY-3_S1_L005_R1_001_val_1.fq.gzLog.out
[2021-11-03 15:38:23,552] multiqc                                            [DEBUG  ]  File ignored by lima/summary because it exceeded search pattern filesize limit: 7183-XY-3_S1_L005_R1_001_val_1.fq.gzLog.out
[2021-11-03 15:38:23,556] multiqc                                            [DEBUG  ]  File ignored by longranger/invocation because it exceeded search pattern filesize limit: 7183-XY-3_S1_L005_R1_001_val_1.fq.gzLog.out
[2021-11-03 15:38:23,579] multiqc                                            [DEBUG  ]  Ignoring file as matched an ignore pattern: 7183-XY-1_S1_L005_R2_001.fastq.gz
[2021-11-03 15:38:23,579] multiqc                                            [DEBUG  ]  Ignoring file as matched an ignore pattern: 7183-XY-3_S1_L005_R1_001.fastq.gz
[2021-11-03 15:38:23,580] multiqc                                            [DEBUG  ]  Ignoring file as matched an ignore pattern: 7183-XY-3_S1_L005_R2_001.fastq.gz
[2021-11-03 15:38:23,580] multiqc                                            [DEBUG  ]  Ignoring file as matched an ignore pattern: 7183-XY-1_S1_L005_R1_001.fastq.gz
[2021-11-03 15:38:23,580] multiqc                                            [DEBUG  ]  Ignoring file as matched an ignore pattern: 7183-XY-4_S1_L005_R1_001.fastq.gz
[2021-11-03 15:38:23,580] multiqc                                            [DEBUG  ]  Ignoring file as matched an ignore pattern: 7183-XY-2_S1_L005_R2_001.fastq.gz
[2021-11-03 15:38:23,580] multiqc                                            [DEBUG  ]  Ignoring file as matched an ignore pattern: 7183-XY-2_S1_L005_R1_001.fastq.gz
[2021-11-03 15:38:23,580] multiqc                                            [DEBUG  ]  Ignoring file as matched an ignore pattern: 7183-XY-4_S1_L005_R2_001.fastq.gz
[2021-11-03 15:38:23,614] multiqc                                            [DEBUG  ]  File ignored by ccs/v4 because it exceeded search pattern filesize limit: 7183-XY-3_S1_L005_R2_001_fastqc.html
[2021-11-03 15:38:23,615] multiqc                                            [DEBUG  ]  File ignored by hicexplorer because it exceeded search pattern filesize limit: 7183-XY-3_S1_L005_R2_001_fastqc.html
[2021-11-03 15:38:23,616] multiqc                                            [DEBUG  ]  File ignored by nanostat because it exceeded search pattern filesize limit: 7183-XY-3_S1_L005_R2_001_fastqc.html
[2021-11-03 15:38:23,616] multiqc                                            [DEBUG  ]  File ignored by lima/summary because it exceeded search pattern filesize limit: 7183-XY-3_S1_L005_R2_001_fastqc.html
[2021-11-03 15:38:23,620] multiqc                                            [DEBUG  ]  File ignored by vep/vep_txt because it exceeded search pattern filesize limit: 7183-XY-3_S1_L005_R2_001_fastqc.html
[2021-11-03 15:38:23,620] multiqc                                            [DEBUG  ]  File ignored by longranger/invocation because it exceeded search pattern filesize limit: 7183-XY-3_S1_L005_R2_001_fastqc.html
[2021-11-03 15:38:23,620] multiqc                                            [DEBUG  ]  File ignored by rockhopper because it exceeded search pattern filesize limit: 7183-XY-3_S1_L005_R2_001_fastqc.html
[2021-11-03 15:38:23,620] multiqc                                            [DEBUG  ]  File ignored by rseqc/bam_stat because it exceeded search pattern filesize limit: 7183-XY-3_S1_L005_R2_001_fastqc.html
[2021-11-03 15:38:23,620] multiqc                                            [DEBUG  ]  File ignored by rseqc/junction_annotation because it exceeded search pattern filesize limit: 7183-XY-3_S1_L005_R2_001_fastqc.html
[2021-11-03 15:38:23,620] multiqc                                            [DEBUG  ]  File ignored by rseqc/read_distribution because it exceeded search pattern filesize limit: 7183-XY-3_S1_L005_R2_001_fastqc.html
[2021-11-03 15:38:23,620] multiqc                                            [DEBUG  ]  File ignored by rseqc/infer_experiment because it exceeded search pattern filesize limit: 7183-XY-3_S1_L005_R2_001_fastqc.html
[2021-11-03 15:38:23,702] multiqc                                            [DEBUG  ]  File ignored by ccs/v4 because it exceeded search pattern filesize limit: 7183-XY-3_S1_L005_R1_001_fastqc.html
[2021-11-03 15:38:23,704] multiqc                                            [DEBUG  ]  File ignored by hicexplorer because it exceeded search pattern filesize limit: 7183-XY-3_S1_L005_R1_001_fastqc.html
[2021-11-03 15:38:23,704] multiqc                                            [DEBUG  ]  File ignored by nanostat because it exceeded search pattern filesize limit: 7183-XY-3_S1_L005_R1_001_fastqc.html
[2021-11-03 15:38:23,704] multiqc                                            [DEBUG  ]  File ignored by lima/summary because it exceeded search pattern filesize limit: 7183-XY-3_S1_L005_R1_001_fastqc.html
[2021-11-03 15:38:23,706] multiqc                                            [DEBUG  ]  File ignored by vep/vep_txt because it exceeded search pattern filesize limit: 7183-XY-3_S1_L005_R1_001_fastqc.html
[2021-11-03 15:38:23,706] multiqc                                            [DEBUG  ]  File ignored by longranger/invocation because it exceeded search pattern filesize limit: 7183-XY-3_S1_L005_R1_001_fastqc.html
[2021-11-03 15:38:23,706] multiqc                                            [DEBUG  ]  File ignored by rockhopper because it exceeded search pattern filesize limit: 7183-XY-3_S1_L005_R1_001_fastqc.html
[2021-11-03 15:38:23,706] multiqc                                            [DEBUG  ]  File ignored by rseqc/bam_stat because it exceeded search pattern filesize limit: 7183-XY-3_S1_L005_R1_001_fastqc.html
[2021-11-03 15:38:23,706] multiqc                                            [DEBUG  ]  File ignored by rseqc/junction_annotation because it exceeded search pattern filesize limit: 7183-XY-3_S1_L005_R1_001_fastqc.html
[2021-11-03 15:38:23,706] multiqc                                            [DEBUG  ]  File ignored by rseqc/read_distribution because it exceeded search pattern filesize limit: 7183-XY-3_S1_L005_R1_001_fastqc.html
[2021-11-03 15:38:23,706] multiqc                                            [DEBUG  ]  File ignored by rseqc/infer_experiment because it exceeded search pattern filesize limit: 7183-XY-3_S1_L005_R1_001_fastqc.html
[2021-11-03 15:38:23,769] multiqc                                            [DEBUG  ]  File ignored by ccs/v4 because it exceeded search pattern filesize limit: 7183-XY-4_S1_L005_R2_001_fastqc.html
[2021-11-03 15:38:23,770] multiqc                                            [DEBUG  ]  File ignored by hicexplorer because it exceeded search pattern filesize limit: 7183-XY-4_S1_L005_R2_001_fastqc.html
[2021-11-03 15:38:23,770] multiqc                                            [DEBUG  ]  File ignored by nanostat because it exceeded search pattern filesize limit: 7183-XY-4_S1_L005_R2_001_fastqc.html
[2021-11-03 15:38:23,770] multiqc                                            [DEBUG  ]  File ignored by lima/summary because it exceeded search pattern filesize limit: 7183-XY-4_S1_L005_R2_001_fastqc.html
[2021-11-03 15:38:23,771] multiqc                                            [DEBUG  ]  File ignored by vep/vep_txt because it exceeded search pattern filesize limit: 7183-XY-4_S1_L005_R2_001_fastqc.html
[2021-11-03 15:38:23,771] multiqc                                            [DEBUG  ]  File ignored by longranger/invocation because it exceeded search pattern filesize limit: 7183-XY-4_S1_L005_R2_001_fastqc.html
[2021-11-03 15:38:23,771] multiqc                                            [DEBUG  ]  File ignored by rockhopper because it exceeded search pattern filesize limit: 7183-XY-4_S1_L005_R2_001_fastqc.html
[2021-11-03 15:38:23,771] multiqc                                            [DEBUG  ]  File ignored by rseqc/bam_stat because it exceeded search pattern filesize limit: 7183-XY-4_S1_L005_R2_001_fastqc.html
[2021-11-03 15:38:23,771] multiqc                                            [DEBUG  ]  File ignored by rseqc/junction_annotation because it exceeded search pattern filesize limit: 7183-XY-4_S1_L005_R2_001_fastqc.html
[2021-11-03 15:38:23,771] multiqc                                            [DEBUG  ]  File ignored by rseqc/read_distribution because it exceeded search pattern filesize limit: 7183-XY-4_S1_L005_R2_001_fastqc.html
[2021-11-03 15:38:23,771] multiqc                                            [DEBUG  ]  File ignored by rseqc/infer_experiment because it exceeded search pattern filesize limit: 7183-XY-4_S1_L005_R2_001_fastqc.html
[2021-11-03 15:38:23,839] multiqc                                            [DEBUG  ]  File ignored by ccs/v4 because it exceeded search pattern filesize limit: 7183-XY-2_S1_L005_R1_001_fastqc.html
[2021-11-03 15:38:23,840] multiqc                                            [DEBUG  ]  File ignored by hicexplorer because it exceeded search pattern filesize limit: 7183-XY-2_S1_L005_R1_001_fastqc.html
[2021-11-03 15:38:23,840] multiqc                                            [DEBUG  ]  File ignored by nanostat because it exceeded search pattern filesize limit: 7183-XY-2_S1_L005_R1_001_fastqc.html
[2021-11-03 15:38:23,840] multiqc                                            [DEBUG  ]  File ignored by lima/summary because it exceeded search pattern filesize limit: 7183-XY-2_S1_L005_R1_001_fastqc.html
[2021-11-03 15:38:23,842] multiqc                                            [DEBUG  ]  File ignored by vep/vep_txt because it exceeded search pattern filesize limit: 7183-XY-2_S1_L005_R1_001_fastqc.html
[2021-11-03 15:38:23,842] multiqc                                            [DEBUG  ]  File ignored by longranger/invocation because it exceeded search pattern filesize limit: 7183-XY-2_S1_L005_R1_001_fastqc.html
[2021-11-03 15:38:23,842] multiqc                                            [DEBUG  ]  File ignored by rockhopper because it exceeded search pattern filesize limit: 7183-XY-2_S1_L005_R1_001_fastqc.html
[2021-11-03 15:38:23,842] multiqc                                            [DEBUG  ]  File ignored by rseqc/bam_stat because it exceeded search pattern filesize limit: 7183-XY-2_S1_L005_R1_001_fastqc.html
[2021-11-03 15:38:23,842] multiqc                                            [DEBUG  ]  File ignored by rseqc/junction_annotation because it exceeded search pattern filesize limit: 7183-XY-2_S1_L005_R1_001_fastqc.html
[2021-11-03 15:38:23,842] multiqc                                            [DEBUG  ]  File ignored by rseqc/read_distribution because it exceeded search pattern filesize limit: 7183-XY-2_S1_L005_R1_001_fastqc.html
[2021-11-03 15:38:23,843] multiqc                                            [DEBUG  ]  File ignored by rseqc/infer_experiment because it exceeded search pattern filesize limit: 7183-XY-2_S1_L005_R1_001_fastqc.html
[2021-11-03 15:38:23,911] multiqc                                            [DEBUG  ]  File ignored by ccs/v4 because it exceeded search pattern filesize limit: 7183-XY-2_S1_L005_R2_001_fastqc.html
[2021-11-03 15:38:23,913] multiqc                                            [DEBUG  ]  File ignored by hicexplorer because it exceeded search pattern filesize limit: 7183-XY-2_S1_L005_R2_001_fastqc.html
[2021-11-03 15:38:23,913] multiqc                                            [DEBUG  ]  File ignored by nanostat because it exceeded search pattern filesize limit: 7183-XY-2_S1_L005_R2_001_fastqc.html
[2021-11-03 15:38:23,913] multiqc                                            [DEBUG  ]  File ignored by lima/summary because it exceeded search pattern filesize limit: 7183-XY-2_S1_L005_R2_001_fastqc.html
[2021-11-03 15:38:23,915] multiqc                                            [DEBUG  ]  File ignored by vep/vep_txt because it exceeded search pattern filesize limit: 7183-XY-2_S1_L005_R2_001_fastqc.html
[2021-11-03 15:38:23,915] multiqc                                            [DEBUG  ]  File ignored by longranger/invocation because it exceeded search pattern filesize limit: 7183-XY-2_S1_L005_R2_001_fastqc.html
[2021-11-03 15:38:23,915] multiqc                                            [DEBUG  ]  File ignored by rockhopper because it exceeded search pattern filesize limit: 7183-XY-2_S1_L005_R2_001_fastqc.html
[2021-11-03 15:38:23,915] multiqc                                            [DEBUG  ]  File ignored by rseqc/bam_stat because it exceeded search pattern filesize limit: 7183-XY-2_S1_L005_R2_001_fastqc.html
[2021-11-03 15:38:23,915] multiqc                                            [DEBUG  ]  File ignored by rseqc/junction_annotation because it exceeded search pattern filesize limit: 7183-XY-2_S1_L005_R2_001_fastqc.html
[2021-11-03 15:38:23,915] multiqc                                            [DEBUG  ]  File ignored by rseqc/read_distribution because it exceeded search pattern filesize limit: 7183-XY-2_S1_L005_R2_001_fastqc.html
[2021-11-03 15:38:23,915] multiqc                                            [DEBUG  ]  File ignored by rseqc/infer_experiment because it exceeded search pattern filesize limit: 7183-XY-2_S1_L005_R2_001_fastqc.html
[2021-11-03 15:38:23,972] multiqc                                            [DEBUG  ]  File ignored by ccs/v4 because it exceeded search pattern filesize limit: 7183-XY-1_S1_L005_R1_001_fastqc.html
[2021-11-03 15:38:23,973] multiqc                                            [DEBUG  ]  File ignored by hicexplorer because it exceeded search pattern filesize limit: 7183-XY-1_S1_L005_R1_001_fastqc.html
[2021-11-03 15:38:23,973] multiqc                                            [DEBUG  ]  File ignored by nanostat because it exceeded search pattern filesize limit: 7183-XY-1_S1_L005_R1_001_fastqc.html
[2021-11-03 15:38:23,973] multiqc                                            [DEBUG  ]  File ignored by lima/summary because it exceeded search pattern filesize limit: 7183-XY-1_S1_L005_R1_001_fastqc.html
[2021-11-03 15:38:23,974] multiqc                                            [DEBUG  ]  File ignored by vep/vep_txt because it exceeded search pattern filesize limit: 7183-XY-1_S1_L005_R1_001_fastqc.html
[2021-11-03 15:38:23,974] multiqc                                            [DEBUG  ]  File ignored by longranger/invocation because it exceeded search pattern filesize limit: 7183-XY-1_S1_L005_R1_001_fastqc.html
[2021-11-03 15:38:23,974] multiqc                                            [DEBUG  ]  File ignored by rockhopper because it exceeded search pattern filesize limit: 7183-XY-1_S1_L005_R1_001_fastqc.html
[2021-11-03 15:38:23,975] multiqc                                            [DEBUG  ]  File ignored by rseqc/bam_stat because it exceeded search pattern filesize limit: 7183-XY-1_S1_L005_R1_001_fastqc.html
[2021-11-03 15:38:23,975] multiqc                                            [DEBUG  ]  File ignored by rseqc/junction_annotation because it exceeded search pattern filesize limit: 7183-XY-1_S1_L005_R1_001_fastqc.html
[2021-11-03 15:38:23,975] multiqc                                            [DEBUG  ]  File ignored by rseqc/read_distribution because it exceeded search pattern filesize limit: 7183-XY-1_S1_L005_R1_001_fastqc.html
[2021-11-03 15:38:23,975] multiqc                                            [DEBUG  ]  File ignored by rseqc/infer_experiment because it exceeded search pattern filesize limit: 7183-XY-1_S1_L005_R1_001_fastqc.html
[2021-11-03 15:38:24,026] multiqc                                            [DEBUG  ]  File ignored by ccs/v4 because it exceeded search pattern filesize limit: 7183-XY-4_S1_L005_R1_001_fastqc.html
[2021-11-03 15:38:24,026] multiqc                                            [DEBUG  ]  File ignored by hicexplorer because it exceeded search pattern filesize limit: 7183-XY-4_S1_L005_R1_001_fastqc.html
[2021-11-03 15:38:24,026] multiqc                                            [DEBUG  ]  File ignored by nanostat because it exceeded search pattern filesize limit: 7183-XY-4_S1_L005_R1_001_fastqc.html
[2021-11-03 15:38:24,026] multiqc                                            [DEBUG  ]  File ignored by lima/summary because it exceeded search pattern filesize limit: 7183-XY-4_S1_L005_R1_001_fastqc.html
[2021-11-03 15:38:24,028] multiqc                                            [DEBUG  ]  File ignored by vep/vep_txt because it exceeded search pattern filesize limit: 7183-XY-4_S1_L005_R1_001_fastqc.html
[2021-11-03 15:38:24,028] multiqc                                            [DEBUG  ]  File ignored by longranger/invocation because it exceeded search pattern filesize limit: 7183-XY-4_S1_L005_R1_001_fastqc.html
[2021-11-03 15:38:24,028] multiqc                                            [DEBUG  ]  File ignored by rockhopper because it exceeded search pattern filesize limit: 7183-XY-4_S1_L005_R1_001_fastqc.html
[2021-11-03 15:38:24,028] multiqc                                            [DEBUG  ]  File ignored by rseqc/bam_stat because it exceeded search pattern filesize limit: 7183-XY-4_S1_L005_R1_001_fastqc.html
[2021-11-03 15:38:24,028] multiqc                                            [DEBUG  ]  File ignored by rseqc/junction_annotation because it exceeded search pattern filesize limit: 7183-XY-4_S1_L005_R1_001_fastqc.html
[2021-11-03 15:38:24,028] multiqc                                            [DEBUG  ]  File ignored by rseqc/read_distribution because it exceeded search pattern filesize limit: 7183-XY-4_S1_L005_R1_001_fastqc.html
[2021-11-03 15:38:24,028] multiqc                                            [DEBUG  ]  File ignored by rseqc/infer_experiment because it exceeded search pattern filesize limit: 7183-XY-4_S1_L005_R1_001_fastqc.html
[2021-11-03 15:38:24,080] multiqc                                            [DEBUG  ]  File ignored by ccs/v4 because it exceeded search pattern filesize limit: 7183-XY-1_S1_L005_R2_001_fastqc.html
[2021-11-03 15:38:24,081] multiqc                                            [DEBUG  ]  File ignored by hicexplorer because it exceeded search pattern filesize limit: 7183-XY-1_S1_L005_R2_001_fastqc.html
[2021-11-03 15:38:24,081] multiqc                                            [DEBUG  ]  File ignored by nanostat because it exceeded search pattern filesize limit: 7183-XY-1_S1_L005_R2_001_fastqc.html
[2021-11-03 15:38:24,081] multiqc                                            [DEBUG  ]  File ignored by lima/summary because it exceeded search pattern filesize limit: 7183-XY-1_S1_L005_R2_001_fastqc.html
[2021-11-03 15:38:24,082] multiqc                                            [DEBUG  ]  File ignored by vep/vep_txt because it exceeded search pattern filesize limit: 7183-XY-1_S1_L005_R2_001_fastqc.html
[2021-11-03 15:38:24,082] multiqc                                            [DEBUG  ]  File ignored by longranger/invocation because it exceeded search pattern filesize limit: 7183-XY-1_S1_L005_R2_001_fastqc.html
[2021-11-03 15:38:24,082] multiqc                                            [DEBUG  ]  File ignored by rockhopper because it exceeded search pattern filesize limit: 7183-XY-1_S1_L005_R2_001_fastqc.html
[2021-11-03 15:38:24,082] multiqc                                            [DEBUG  ]  File ignored by rseqc/bam_stat because it exceeded search pattern filesize limit: 7183-XY-1_S1_L005_R2_001_fastqc.html
[2021-11-03 15:38:24,082] multiqc                                            [DEBUG  ]  File ignored by rseqc/junction_annotation because it exceeded search pattern filesize limit: 7183-XY-1_S1_L005_R2_001_fastqc.html
[2021-11-03 15:38:24,082] multiqc                                            [DEBUG  ]  File ignored by rseqc/read_distribution because it exceeded search pattern filesize limit: 7183-XY-1_S1_L005_R2_001_fastqc.html
[2021-11-03 15:38:24,082] multiqc                                            [DEBUG  ]  File ignored by rseqc/infer_experiment because it exceeded search pattern filesize limit: 7183-XY-1_S1_L005_R2_001_fastqc.html
[2021-11-03 15:38:24,144] multiqc                                            [DEBUG  ]  File ignored by ccs/v4 because it exceeded search pattern filesize limit: chrStart.txt
[2021-11-03 15:38:24,145] multiqc                                            [DEBUG  ]  File ignored by lima/summary because it exceeded search pattern filesize limit: chrStart.txt
[2021-11-03 15:38:24,149] multiqc                                            [DEBUG  ]  File ignored by longranger/invocation because it exceeded search pattern filesize limit: chrStart.txt
[2021-11-03 15:38:24,165] multiqc                                            [DEBUG  ]  File ignored by ccs/v4 because it exceeded search pattern filesize limit: chrName.txt
[2021-11-03 15:38:24,166] multiqc                                            [DEBUG  ]  File ignored by lima/summary because it exceeded search pattern filesize limit: chrName.txt
[2021-11-03 15:38:24,189] multiqc                                            [DEBUG  ]  File ignored by ccs/v4 because it exceeded search pattern filesize limit: chrLength.txt
[2021-11-03 15:38:24,190] multiqc                                            [DEBUG  ]  File ignored by lima/summary because it exceeded search pattern filesize limit: chrLength.txt
[2021-11-03 15:38:24,208] multiqc                                            [DEBUG  ]  File ignored by ccs/v4 because it exceeded search pattern filesize limit: chrNameLength.txt
[2021-11-03 15:38:24,209] multiqc                                            [DEBUG  ]  File ignored by lima/summary because it exceeded search pattern filesize limit: chrNameLength.txt
[2021-11-03 15:38:24,210] multiqc                                            [DEBUG  ]  File ignored by longranger/invocation because it exceeded search pattern filesize limit: chrNameLength.txt
[2021-11-03 15:38:24,264] multiqc                                            [DEBUG  ]  File ignored by ccs/v4 because it exceeded search pattern filesize limit: align.sh
[2021-11-03 15:38:24,267] multiqc                                            [DEBUG  ]  File ignored by lima/summary because it exceeded search pattern filesize limit: align.sh
[2021-11-03 15:38:24,313] multiqc                                            [DEBUG  ]  File ignored by ccs/v4 because it exceeded search pattern filesize limit: 7183-XY-2_S1_L005_R2_001.fastq.gz_trimming_report.txt
[2021-11-03 15:38:24,315] multiqc                                            [DEBUG  ]  File ignored by hicexplorer because it exceeded search pattern filesize limit: 7183-XY-2_S1_L005_R2_001.fastq.gz_trimming_report.txt
[2021-11-03 15:38:24,316] multiqc                                            [DEBUG  ]  File ignored by nanostat because it exceeded search pattern filesize limit: 7183-XY-2_S1_L005_R2_001.fastq.gz_trimming_report.txt
[2021-11-03 15:38:24,316] multiqc                                            [DEBUG  ]  File ignored by lima/summary because it exceeded search pattern filesize limit: 7183-XY-2_S1_L005_R2_001.fastq.gz_trimming_report.txt
[2021-11-03 15:38:24,320] multiqc                                            [DEBUG  ]  File ignored by longranger/invocation because it exceeded search pattern filesize limit: 7183-XY-2_S1_L005_R2_001.fastq.gz_trimming_report.txt
[2021-11-03 15:38:24,334] multiqc                                            [DEBUG  ]  Ignoring file as matched an ignore pattern: 7183-XY-1_S1_L005_R1_001_val_1.fq.gz
[2021-11-03 15:38:24,338] multiqc                                            [DEBUG  ]  File ignored by ccs/v4 because it exceeded search pattern filesize limit: 7183-XY-3_S1_L005_R2_001.fastq.gz_trimming_report.txt
[2021-11-03 15:38:24,339] multiqc                                            [DEBUG  ]  File ignored by hicexplorer because it exceeded search pattern filesize limit: 7183-XY-3_S1_L005_R2_001.fastq.gz_trimming_report.txt
[2021-11-03 15:38:24,339] multiqc                                            [DEBUG  ]  File ignored by nanostat because it exceeded search pattern filesize limit: 7183-XY-3_S1_L005_R2_001.fastq.gz_trimming_report.txt
[2021-11-03 15:38:24,339] multiqc                                            [DEBUG  ]  File ignored by lima/summary because it exceeded search pattern filesize limit: 7183-XY-3_S1_L005_R2_001.fastq.gz_trimming_report.txt
[2021-11-03 15:38:24,341] multiqc                                            [DEBUG  ]  File ignored by longranger/invocation because it exceeded search pattern filesize limit: 7183-XY-3_S1_L005_R2_001.fastq.gz_trimming_report.txt
[2021-11-03 15:38:24,380] multiqc                                            [DEBUG  ]  File ignored by ccs/v4 because it exceeded search pattern filesize limit: 7183-XY-1_S1_L005_R1_001.fastq.gz_trimming_report.txt
[2021-11-03 15:38:24,382] multiqc                                            [DEBUG  ]  File ignored by hicexplorer because it exceeded search pattern filesize limit: 7183-XY-1_S1_L005_R1_001.fastq.gz_trimming_report.txt
[2021-11-03 15:38:24,382] multiqc                                            [DEBUG  ]  File ignored by nanostat because it exceeded search pattern filesize limit: 7183-XY-1_S1_L005_R1_001.fastq.gz_trimming_report.txt
[2021-11-03 15:38:24,382] multiqc                                            [DEBUG  ]  File ignored by lima/summary because it exceeded search pattern filesize limit: 7183-XY-1_S1_L005_R1_001.fastq.gz_trimming_report.txt
[2021-11-03 15:38:24,386] multiqc                                            [DEBUG  ]  File ignored by longranger/invocation because it exceeded search pattern filesize limit: 7183-XY-1_S1_L005_R1_001.fastq.gz_trimming_report.txt
[2021-11-03 15:38:24,430] multiqc                                            [DEBUG  ]  File ignored by ccs/v4 because it exceeded search pattern filesize limit: 7183-XY-4_S1_L005_R1_001.fastq.gz_trimming_report.txt
[2021-11-03 15:38:24,432] multiqc                                            [DEBUG  ]  File ignored by hicexplorer because it exceeded search pattern filesize limit: 7183-XY-4_S1_L005_R1_001.fastq.gz_trimming_report.txt
[2021-11-03 15:38:24,432] multiqc                                            [DEBUG  ]  File ignored by nanostat because it exceeded search pattern filesize limit: 7183-XY-4_S1_L005_R1_001.fastq.gz_trimming_report.txt
[2021-11-03 15:38:24,433] multiqc                                            [DEBUG  ]  File ignored by lima/summary because it exceeded search pattern filesize limit: 7183-XY-4_S1_L005_R1_001.fastq.gz_trimming_report.txt
[2021-11-03 15:38:24,436] multiqc                                            [DEBUG  ]  File ignored by longranger/invocation because it exceeded search pattern filesize limit: 7183-XY-4_S1_L005_R1_001.fastq.gz_trimming_report.txt
[2021-11-03 15:38:24,450] multiqc                                            [DEBUG  ]  Ignoring file as matched an ignore pattern: 7183-XY-4_S1_L005_R2_001_val_2.fq.gz
[2021-11-03 15:38:24,450] multiqc                                            [DEBUG  ]  Ignoring file as matched an ignore pattern: 7183-XY-1_S1_L005_R2_001_val_2.fq.gz
[2021-11-03 15:38:24,463] multiqc                                            [DEBUG  ]  File ignored by ccs/v4 because it exceeded search pattern filesize limit: 7183-XY-1_S1_L005_R2_001.fastq.gz_trimming_report.txt
[2021-11-03 15:38:24,464] multiqc                                            [DEBUG  ]  File ignored by hicexplorer because it exceeded search pattern filesize limit: 7183-XY-1_S1_L005_R2_001.fastq.gz_trimming_report.txt
[2021-11-03 15:38:24,464] multiqc                                            [DEBUG  ]  File ignored by nanostat because it exceeded search pattern filesize limit: 7183-XY-1_S1_L005_R2_001.fastq.gz_trimming_report.txt
[2021-11-03 15:38:24,464] multiqc                                            [DEBUG  ]  File ignored by lima/summary because it exceeded search pattern filesize limit: 7183-XY-1_S1_L005_R2_001.fastq.gz_trimming_report.txt
[2021-11-03 15:38:24,467] multiqc                                            [DEBUG  ]  File ignored by longranger/invocation because it exceeded search pattern filesize limit: 7183-XY-1_S1_L005_R2_001.fastq.gz_trimming_report.txt
[2021-11-03 15:38:24,478] multiqc                                            [DEBUG  ]  Ignoring file as matched an ignore pattern: 7183-XY-2_S1_L005_R1_001_val_1.fq.gz
[2021-11-03 15:38:24,508] multiqc                                            [DEBUG  ]  File ignored by ccs/v4 because it exceeded search pattern filesize limit: 7183-XY-4_S1_L005_R2_001.fastq.gz_trimming_report.txt
[2021-11-03 15:38:24,510] multiqc                                            [DEBUG  ]  File ignored by hicexplorer because it exceeded search pattern filesize limit: 7183-XY-4_S1_L005_R2_001.fastq.gz_trimming_report.txt
[2021-11-03 15:38:24,511] multiqc                                            [DEBUG  ]  File ignored by nanostat because it exceeded search pattern filesize limit: 7183-XY-4_S1_L005_R2_001.fastq.gz_trimming_report.txt
[2021-11-03 15:38:24,511] multiqc                                            [DEBUG  ]  File ignored by lima/summary because it exceeded search pattern filesize limit: 7183-XY-4_S1_L005_R2_001.fastq.gz_trimming_report.txt
[2021-11-03 15:38:24,515] multiqc                                            [DEBUG  ]  File ignored by longranger/invocation because it exceeded search pattern filesize limit: 7183-XY-4_S1_L005_R2_001.fastq.gz_trimming_report.txt
[2021-11-03 15:38:24,537] multiqc                                            [DEBUG  ]  File ignored by ccs/v4 because it exceeded search pattern filesize limit: 7183-XY-3_S1_L005_R1_001.fastq.gz_trimming_report.txt
[2021-11-03 15:38:24,538] multiqc                                            [DEBUG  ]  File ignored by hicexplorer because it exceeded search pattern filesize limit: 7183-XY-3_S1_L005_R1_001.fastq.gz_trimming_report.txt
[2021-11-03 15:38:24,538] multiqc                                            [DEBUG  ]  File ignored by nanostat because it exceeded search pattern filesize limit: 7183-XY-3_S1_L005_R1_001.fastq.gz_trimming_report.txt
[2021-11-03 15:38:24,538] multiqc                                            [DEBUG  ]  File ignored by lima/summary because it exceeded search pattern filesize limit: 7183-XY-3_S1_L005_R1_001.fastq.gz_trimming_report.txt
[2021-11-03 15:38:24,540] multiqc                                            [DEBUG  ]  File ignored by longranger/invocation because it exceeded search pattern filesize limit: 7183-XY-3_S1_L005_R1_001.fastq.gz_trimming_report.txt
[2021-11-03 15:38:24,549] multiqc                                            [DEBUG  ]  Ignoring file as matched an ignore pattern: 7183-XY-4_S1_L005_R1_001_val_1.fq.gz
[2021-11-03 15:38:24,549] multiqc                                            [DEBUG  ]  Ignoring file as matched an ignore pattern: 7183-XY-2_S1_L005_R2_001_val_2.fq.gz
[2021-11-03 15:38:24,550] multiqc                                            [DEBUG  ]  Ignoring file as matched an ignore pattern: 7183-XY-3_S1_L005_R2_001_val_2.fq.gz
[2021-11-03 15:38:24,550] multiqc                                            [DEBUG  ]  Ignoring file as matched an ignore pattern: 7183-XY-3_S1_L005_R1_001_val_1.fq.gz
[2021-11-03 15:38:24,560] multiqc                                            [DEBUG  ]  File ignored by ccs/v4 because it exceeded search pattern filesize limit: 7183-XY-2_S1_L005_R1_001.fastq.gz_trimming_report.txt
[2021-11-03 15:38:24,562] multiqc                                            [DEBUG  ]  File ignored by hicexplorer because it exceeded search pattern filesize limit: 7183-XY-2_S1_L005_R1_001.fastq.gz_trimming_report.txt
[2021-11-03 15:38:24,563] multiqc                                            [DEBUG  ]  File ignored by nanostat because it exceeded search pattern filesize limit: 7183-XY-2_S1_L005_R1_001.fastq.gz_trimming_report.txt
[2021-11-03 15:38:24,563] multiqc                                            [DEBUG  ]  File ignored by lima/summary because it exceeded search pattern filesize limit: 7183-XY-2_S1_L005_R1_001.fastq.gz_trimming_report.txt
[2021-11-03 15:38:24,567] multiqc                                            [DEBUG  ]  File ignored by longranger/invocation because it exceeded search pattern filesize limit: 7183-XY-2_S1_L005_R1_001.fastq.gz_trimming_report.txt
[2021-11-03 15:38:24,810] multiqc.plots.bargraph                             [DEBUG  ]  Using matplotlib version 3.4.2
[2021-11-03 15:38:24,811] multiqc.plots.linegraph                            [DEBUG  ]  Using matplotlib version 3.4.2
[2021-11-03 15:38:24,812] multiqc                                            [DEBUG  ]  No samples found: custom_content
[2021-11-03 15:38:24,815] multiqc                                            [DEBUG  ]  No samples found: ccs
[2021-11-03 15:38:24,818] multiqc                                            [DEBUG  ]  No samples found: ngsderive
[2021-11-03 15:38:24,820] multiqc                                            [DEBUG  ]  No samples found: purple
[2021-11-03 15:38:24,823] multiqc                                            [DEBUG  ]  No samples found: conpair
[2021-11-03 15:38:24,826] multiqc                                            [DEBUG  ]  No samples found: lima
[2021-11-03 15:38:24,829] multiqc                                            [DEBUG  ]  No samples found: peddy
[2021-11-03 15:38:24,832] multiqc                                            [DEBUG  ]  No samples found: somalier
[2021-11-03 15:38:24,835] multiqc                                            [DEBUG  ]  No samples found: methylQA
[2021-11-03 15:38:24,839] multiqc.modules.mosdepth.mosdepth                  [DEBUG  ]  include_contigs: []
[2021-11-03 15:38:24,839] multiqc.modules.mosdepth.mosdepth                  [DEBUG  ]  exclude_contigs: []
[2021-11-03 15:38:24,839] multiqc                                            [DEBUG  ]  No samples found: mosdepth
[2021-11-03 15:38:24,842] multiqc                                            [DEBUG  ]  No samples found: phantompeakqualtools
[2021-11-03 15:38:24,844] multiqc                                            [DEBUG  ]  No samples found: qualimap
[2021-11-03 15:38:24,847] multiqc                                            [DEBUG  ]  No samples found: preseq
[2021-11-03 15:38:24,850] multiqc                                            [DEBUG  ]  No samples found: quast
[2021-11-03 15:38:24,853] multiqc                                            [DEBUG  ]  No samples found: qorts
[2021-11-03 15:38:24,856] multiqc                                            [DEBUG  ]  No samples found: rna_seqc
[2021-11-03 15:38:24,859] multiqc                                            [DEBUG  ]  No samples found: rockhopper
[2021-11-03 15:38:24,861] multiqc                                            [DEBUG  ]  No samples found: rsem
[2021-11-03 15:38:24,867] multiqc                                            [DEBUG  ]  No samples found: rseqc
[2021-11-03 15:38:24,869] multiqc                                            [DEBUG  ]  No samples found: busco
[2021-11-03 15:38:24,872] multiqc                                            [DEBUG  ]  No samples found: bustools
[2021-11-03 15:38:24,875] multiqc                                            [DEBUG  ]  No samples found: goleft_indexcov
[2021-11-03 15:38:24,878] multiqc                                            [DEBUG  ]  No samples found: gffcompare
[2021-11-03 15:38:24,881] multiqc                                            [DEBUG  ]  No samples found: disambiguate
[2021-11-03 15:38:24,883] multiqc                                            [DEBUG  ]  No samples found: supernova
[2021-11-03 15:38:24,889] multiqc                                            [DEBUG  ]  No samples found: deeptools
[2021-11-03 15:38:24,891] multiqc                                            [DEBUG  ]  No samples found: sargasso
[2021-11-03 15:38:24,894] multiqc                                            [DEBUG  ]  No samples found: verifybamid
[2021-11-03 15:38:24,897] multiqc                                            [DEBUG  ]  No samples found: mirtrace
[2021-11-03 15:38:24,900] multiqc                                            [DEBUG  ]  No samples found: happy
[2021-11-03 15:38:24,903] multiqc                                            [DEBUG  ]  No samples found: mirtop
[2021-11-03 15:38:24,906] multiqc                                            [DEBUG  ]  No samples found: sambamba
[2021-11-03 15:38:24,909] multiqc                                            [DEBUG  ]  No samples found: homer
[2021-11-03 15:38:24,912] multiqc                                            [DEBUG  ]  No samples found: hops
[2021-11-03 15:38:24,914] multiqc                                            [DEBUG  ]  No samples found: macs2
[2021-11-03 15:38:24,917] multiqc                                            [DEBUG  ]  No samples found: theta2
[2021-11-03 15:38:24,920] multiqc                                            [DEBUG  ]  No samples found: snpeff
[2021-11-03 15:38:24,923] multiqc                                            [DEBUG  ]  No samples found: gatk
[2021-11-03 15:38:24,926] multiqc                                            [DEBUG  ]  No samples found: htseq
[2021-11-03 15:38:24,929] multiqc                                            [DEBUG  ]  No samples found: bcftools
[2021-11-03 15:38:24,932] multiqc.modules.featureCounts.feature_counts       [INFO   ]  Found 4 reports
[2021-11-03 15:38:24,939] multiqc                                            [DEBUG  ]  No samples found: fgbio
[2021-11-03 15:38:24,945] multiqc                                            [DEBUG  ]  No samples found: dragen
[2021-11-03 15:38:24,949] multiqc                                            [DEBUG  ]  No samples found: dedup
[2021-11-03 15:38:24,952] multiqc                                            [DEBUG  ]  No samples found: damageprofiler
[2021-11-03 15:38:24,959] multiqc                                            [DEBUG  ]  No samples found: biobambam2
[2021-11-03 15:38:24,962] multiqc                                            [DEBUG  ]  No samples found: jcvi
[2021-11-03 15:38:24,966] multiqc                                            [DEBUG  ]  No samples found: mtnucratio
[2021-11-03 15:38:24,968] multiqc                                            [DEBUG  ]  No samples found: picard
[2021-11-03 15:38:24,971] multiqc                                            [DEBUG  ]  No samples found: vep
[2021-11-03 15:38:24,974] multiqc                                            [DEBUG  ]  No samples found: sentieon
[2021-11-03 15:38:24,977] multiqc                                            [DEBUG  ]  No samples found: prokka
[2021-11-03 15:38:24,980] multiqc                                            [DEBUG  ]  No samples found: qc3C
[2021-11-03 15:38:24,983] multiqc                                            [DEBUG  ]  No samples found: nanostat
[2021-11-03 15:38:24,985] multiqc                                            [DEBUG  ]  No samples found: samblaster
[2021-11-03 15:38:24,990] multiqc                                            [DEBUG  ]  No samples found: samtools
[2021-11-03 15:38:24,993] multiqc                                            [DEBUG  ]  No samples found: sexdeterrmine
[2021-11-03 15:38:24,995] multiqc                                            [DEBUG  ]  No samples found: eigenstratdatabasetools
[2021-11-03 15:38:24,998] multiqc                                            [DEBUG  ]  No samples found: bamtools
[2021-11-03 15:38:25,001] multiqc                                            [DEBUG  ]  No samples found: jellyfish
[2021-11-03 15:38:25,005] multiqc                                            [DEBUG  ]  No samples found: vcftools
[2021-11-03 15:38:25,008] multiqc                                            [DEBUG  ]  No samples found: longranger
[2021-11-03 15:38:25,010] multiqc                                            [DEBUG  ]  No samples found: stacks
[2021-11-03 15:38:25,013] multiqc                                            [DEBUG  ]  No samples found: varscan2
[2021-11-03 15:38:25,016] multiqc                                            [DEBUG  ]  No samples found: snippy
[2021-11-03 15:38:25,021] multiqc                                            [DEBUG  ]  No samples found: bbmap
[2021-11-03 15:38:25,024] multiqc                                            [DEBUG  ]  No samples found: bismark
[2021-11-03 15:38:25,027] multiqc                                            [DEBUG  ]  No samples found: biscuit
[2021-11-03 15:38:25,030] multiqc                                            [DEBUG  ]  No samples found: hicexplorer
[2021-11-03 15:38:25,033] multiqc                                            [DEBUG  ]  No samples found: hicup
[2021-11-03 15:38:25,036] multiqc                                            [DEBUG  ]  No samples found: hicpro
[2021-11-03 15:38:25,039] multiqc                                            [DEBUG  ]  No samples found: salmon
[2021-11-03 15:38:25,042] multiqc                                            [DEBUG  ]  No samples found: kallisto
[2021-11-03 15:38:25,044] multiqc                                            [DEBUG  ]  No samples found: slamdunk
[2021-11-03 15:38:25,079] multiqc.modules.star.star                          [INFO   ]  Found 4 reports
[2021-11-03 15:38:25,085] multiqc                                            [DEBUG  ]  No samples found: hisat2
[2021-11-03 15:38:25,088] multiqc                                            [DEBUG  ]  No samples found: tophat
[2021-11-03 15:38:25,091] multiqc                                            [DEBUG  ]  No samples found: bowtie2
[2021-11-03 15:38:25,094] multiqc                                            [DEBUG  ]  No samples found: bowtie1
[2021-11-03 15:38:25,096] multiqc                                            [DEBUG  ]  No samples found: snpsplit
[2021-11-03 15:38:25,099] multiqc                                            [DEBUG  ]  No samples found: odgi
[2021-11-03 15:38:25,102] multiqc                                            [DEBUG  ]  No samples found: pangolin
[2021-11-03 15:38:25,105] multiqc                                            [DEBUG  ]  No samples found: kat
[2021-11-03 15:38:25,108] multiqc                                            [DEBUG  ]  No samples found: leehom
[2021-11-03 15:38:25,111] multiqc                                            [DEBUG  ]  No samples found: adapterRemoval
[2021-11-03 15:38:25,114] multiqc                                            [DEBUG  ]  No samples found: clipandmerge
[2021-11-03 15:38:25,130] multiqc.modules.cutadapt.cutadapt                  [INFO   ]  Found 8 reports
[2021-11-03 15:38:25,143] multiqc                                            [DEBUG  ]  No samples found: flexbar
[2021-11-03 15:38:25,145] multiqc                                            [DEBUG  ]  No samples found: kaiju
[2021-11-03 15:38:25,148] multiqc                                            [DEBUG  ]  No samples found: kraken
[2021-11-03 15:38:25,151] multiqc                                            [DEBUG  ]  No samples found: malt
[2021-11-03 15:38:25,154] multiqc                                            [DEBUG  ]  No samples found: trimmomatic
[2021-11-03 15:38:25,157] multiqc                                            [DEBUG  ]  No samples found: sickle
[2021-11-03 15:38:25,160] multiqc                                            [DEBUG  ]  No samples found: skewer
[2021-11-03 15:38:25,162] multiqc                                            [DEBUG  ]  No samples found: sortmerna
[2021-11-03 15:38:25,165] multiqc                                            [DEBUG  ]  No samples found: biobloomtools
[2021-11-03 15:38:25,168] multiqc                                            [DEBUG  ]  No samples found: fastq_screen
[2021-11-03 15:38:25,171] multiqc                                            [DEBUG  ]  No samples found: afterqc
[2021-11-03 15:38:25,174] multiqc                                            [DEBUG  ]  No samples found: fastp
[2021-11-03 15:38:25,955] multiqc.modules.fastqc.fastqc                      [INFO   ]  Found 8 reports
[2021-11-03 15:38:26,014] multiqc                                            [DEBUG  ]  No samples found: pychopper
[2021-11-03 15:38:26,017] multiqc                                            [DEBUG  ]  No samples found: pycoqc
[2021-11-03 15:38:26,020] multiqc                                            [DEBUG  ]  No samples found: minionqc
[2021-11-03 15:38:26,023] multiqc                                            [DEBUG  ]  No samples found: multivcfanalyzer
[2021-11-03 15:38:26,026] multiqc                                            [DEBUG  ]  No samples found: clusterflow
[2021-11-03 15:38:26,028] multiqc                                            [DEBUG  ]  No samples found: bcl2fastq
[2021-11-03 15:38:26,031] multiqc                                            [DEBUG  ]  No samples found: bclconvert
[2021-11-03 15:38:26,034] multiqc                                            [DEBUG  ]  No samples found: interop
[2021-11-03 15:38:26,037] multiqc                                            [DEBUG  ]  No samples found: ivar
[2021-11-03 15:38:26,040] multiqc                                            [DEBUG  ]  No samples found: flash
[2021-11-03 15:38:26,043] multiqc                                            [DEBUG  ]  No samples found: seqyclean
[2021-11-03 15:38:26,046] multiqc                                            [DEBUG  ]  No samples found: optitype
[2021-11-03 15:38:26,059] multiqc                                            [INFO   ]  Compressing plot data
[2021-11-03 15:38:26,232] multiqc                                            [INFO   ]  Report      : multiqc_report.html
[2021-11-03 15:38:26,232] multiqc                                            [INFO   ]  Data        : multiqc_data
[2021-11-03 15:38:26,232] multiqc                                            [DEBUG  ]  Moving data file from '/tmp/tmp7bnvazyd/multiqc_data' to '/home/xiang/Dropbox/RNAseqAna/multiqc_data'
[2021-11-03 15:38:26,322] multiqc                                            [INFO   ]  MultiQC complete
